  main.cpp
c:\users\s189066\source\repos\finalmathlib\mathlibary\vec2.h(69): error C2059: syntax error: '=='
c:\users\s189066\source\repos\finalmathlib\mathlibary\vec2.h(74): error C2011: 'vec2': 'struct' type redefinition
  c:\users\s189066\source\repos\finalmathlib\mathlibary\vec2.h(5): note: see declaration of 'vec2'
c:\users\s189066\source\repos\finalmathlib\mathlibary\vec2.h(138): error C2059: syntax error: '>>'
c:\users\s189066\source\repos\finalmathlib\mathlibary\vec3.h(42): error C2059: syntax error: '=='
c:\users\s189066\source\repos\finalmathlib\mathlibary\vec3.h(47): error C2011: 'vec3': 'class' type redefinition
  c:\users\s189066\source\repos\finalmathlib\mathlibary\vec3.h(5): note: see declaration of 'vec3'
c:\users\s189066\source\repos\finalmathlib\mathlibary\vec3.h(84): error C2059: syntax error: '>>'
c:\users\s189066\source\repos\finalmathlib\mathlibary\vec4.h(43): error C2059: syntax error: '=='
c:\users\s189066\source\repos\finalmathlib\mathlibary\vec4.h(48): error C2011: 'vec4': 'class' type redefinition
  c:\users\s189066\source\repos\finalmathlib\mathlibary\vec4.h(6): note: see declaration of 'vec4'
c:\users\s189066\source\repos\finalmathlib\mathlibary\vec4.h(85): error C2059: syntax error: '>>'
c:\users\s189066\source\repos\finalmathlib\mathlibary\mat3.h(10): error C2079: 'mat3::<unnamed-tag>::xAxis' uses undefined class 'vec3'
c:\users\s189066\source\repos\finalmathlib\mathlibary\mat3.h(11): error C2079: 'mat3::<unnamed-tag>::yAxis' uses undefined class 'vec3'
c:\users\s189066\source\repos\finalmathlib\mathlibary\mat3.h(12): error C2079: 'mat3::<unnamed-tag>::zAxis' uses undefined class 'vec3'
c:\users\s189066\source\repos\finalmathlib\mathlibary\mat3.h(14): error C2079: 'mat3::axis' uses undefined class 'vec3'
c:\program files (x86)\microsoft visual studio\2017\enterprise\vc\tools\msvc\14.14.26428\include\xstring_insert.h(17): error C2059: syntax error: 'namespace'
c:\program files (x86)\microsoft visual studio\2017\enterprise\vc\tools\msvc\14.14.26428\include\xstring_insert.h(17): error C2143: syntax error: missing ';' before '{'
c:\program files (x86)\microsoft visual studio\2017\enterprise\vc\tools\msvc\14.14.26428\include\xstring_insert.h(17): error C2447: '{': missing function header (old-style formal list?)
c:\users\s189066\source\repos\finalmathlib\mathlibary\mathutil.h(82): error C2059: syntax error: '=='
c:\users\s189066\source\repos\finalmathlib\mathlibary\mathutil.h(83): error C2014: preprocessor command must start as first nonwhite space
c:\users\s189066\source\repos\finalmathlib\mathlibary\mathutil.h(93): error C2143: syntax error: missing ';' before '{'
c:\users\s189066\source\repos\finalmathlib\mathlibary\mathutil.h(93): error C2447: '{': missing function header (old-style formal list?)
c:\users\s189066\source\repos\finalmathlib\mathlibary\mathutil.h(130): error C2995: 'bool assert(const char *,T,T)': function template has already been defined
  c:\users\s189066\source\repos\finalmathlib\mathlibary\mathutil.h(41): note: see declaration of 'assert'
c:\users\s189066\source\repos\finalmathlib\mathlibary\mathutil.h(150): error C2995: 'T lerp1(const T &,const T &,float)': function template has already been defined
  c:\users\s189066\source\repos\finalmathlib\mathlibary\mathutil.h(65): note: see declaration of 'lerp1'
c:\users\s189066\source\repos\finalmathlib\mathlibary\mathutil.h(157): error C2995: 'T lerp2(const T &,const T &,float)': function template has already been defined
  c:\users\s189066\source\repos\finalmathlib\mathlibary\mathutil.h(72): note: see declaration of 'lerp2'
c:\users\s189066\source\repos\finalmathlib\mathlibary\mathutil.h(163): error C2995: 'T lerp3(const T &,const T &,float)': function template has already been defined
  c:\users\s189066\source\repos\finalmathlib\mathlibary\mathutil.h(78): note: see declaration of 'lerp3'
c:\users\s189066\source\repos\finalmathlib\mathlibary\mathutil.h(164): error C2059: syntax error: '>>'
c:\program files (x86)\microsoft visual studio\2017\enterprise\vc\tools\msvc\14.14.26428\include\vector(20): error C2143: syntax error: missing ';' before '{'
c:\program files (x86)\microsoft visual studio\2017\enterprise\vc\tools\msvc\14.14.26428\include\vector(20): error C2447: '{': missing function header (old-style formal list?)
c:\users\s189066\source\repos\finalmathlib\mathlibary\transform2d.h(12): error C2079: 'transform2d::localPos' uses undefined struct 'vec2'
c:\users\s189066\source\repos\finalmathlib\mathlibary\transform2d.h(14): error C2079: 'transform2d::localScale' uses undefined struct 'vec2'
c:\users\s189066\source\repos\finalmathlib\mathlibary\transform2d.h(36): error C2039: 'vector': is not a member of 'std'
  c:\program files (x86)\microsoft visual studio\2017\enterprise\vc\tools\msvc\14.14.26428\include\string(20): note: see declaration of 'std'
c:\users\s189066\source\repos\finalmathlib\mathlibary\transform2d.h(36): error C2143: syntax error: missing ';' before '<'
c:\users\s189066\source\repos\finalmathlib\mathlibary\transform2d.h(36): error C4430: missing type specifier - int assumed. Note: C++ does not support default-int
c:\users\s189066\source\repos\finalmathlib\mathlibary\transform2d.h(36): error C2238: unexpected token(s) preceding ';'
c:\users\s189066\source\repos\finalmathlib\mathlibary\transform2d.h(39): error C2059: syntax error: '=='
c:\users\s189066\source\repos\finalmathlib\mathlibary\transform2d.h(47): error C2011: 'transform2d': 'struct' type redefinition
  c:\users\s189066\source\repos\finalmathlib\mathlibary\transform2d.h(9): note: see declaration of 'transform2d'
c:\users\s189066\source\repos\finalmathlib\mathlibary\transform2d.h(77): error C2059: syntax error: '>>'
c:\users\s189066\source\repos\finalmathlib\demoproject\tankbarrel.h(6): error C2143: syntax error: missing ';' before '{'
c:\users\s189066\source\repos\finalmathlib\demoproject\tankbarrel.h(6): error C2447: '{': missing function header (old-style formal list?)
c:\users\s189066\source\repos\finalmathlib\demoproject\tankbody.h(12): error C2079: 'tankBody::body' uses undefined struct 'transform2d'
c:\users\s189066\source\repos\finalmathlib\demoproject\main.cpp(4): error C2628: 'tankBody' followed by 'int' is illegal (did you forget a ';'?)
c:\users\s189066\source\repos\finalmathlib\demoproject\main.cpp(5): error C3874: return type of 'main' should be 'int' instead of 'tankBody'
c:\users\s189066\source\repos\finalmathlib\demoproject\main.cpp(13): error C2065: 'tankBarrel': undeclared identifier
c:\users\s189066\source\repos\finalmathlib\demoproject\main.cpp(13): error C2146: syntax error: missing ';' before identifier 'boi'
c:\users\s189066\source\repos\finalmathlib\demoproject\main.cpp(13): error C2065: 'boi': undeclared identifier
c:\users\s189066\source\repos\finalmathlib\demoproject\main.cpp(24): error C2065: 'boi': undeclared identifier
c:\users\s189066\source\repos\finalmathlib\demoproject\main.cpp(24): error C2228: left of '.setParent2' must have class/struct/union
  c:\users\s189066\source\repos\finalmathlib\demoproject\main.cpp(24): note: type is 'unknown-type'
c:\users\s189066\source\repos\finalmathlib\demoproject\main.cpp(25): error C2065: 'boi': undeclared identifier
c:\users\s189066\source\repos\finalmathlib\demoproject\main.cpp(25): error C2228: left of '.rotate' must have class/struct/union
  c:\users\s189066\source\repos\finalmathlib\demoproject\main.cpp(25): note: type is 'unknown-type'
c:\users\s189066\source\repos\finalmathlib\demoproject\main.cpp(35): error C2065: 'boi': undeclared identifier
c:\users\s189066\source\repos\finalmathlib\demoproject\main.cpp(35): error C2228: left of '.draw' must have class/struct/union
  c:\users\s189066\source\repos\finalmathlib\demoproject\main.cpp(35): note: type is 'unknown-type'
c:\users\s189066\source\repos\finalmathlib\demoproject\main.cpp(45): error C2440: 'return': cannot convert from 'int' to 'tankBody'
  c:\users\s189066\source\repos\finalmathlib\demoproject\main.cpp(45): note: No constructor could take the source type, or constructor overload resolution was ambiguous
  tankBarrel.cpp
c:\users\s189066\source\repos\finalmathlib\mathlibary\vec3.h(42): error C2059: syntax error: '=='
c:\users\s189066\source\repos\finalmathlib\mathlibary\vec3.h(47): error C2011: 'vec3': 'class' type redefinition
  c:\users\s189066\source\repos\finalmathlib\mathlibary\vec3.h(5): note: see declaration of 'vec3'
c:\users\s189066\source\repos\finalmathlib\mathlibary\vec3.h(84): error C2059: syntax error: '>>'
c:\users\s189066\source\repos\finalmathlib\mathlibary\vec2.h(69): error C2059: syntax error: '=='
c:\users\s189066\source\repos\finalmathlib\mathlibary\vec2.h(74): error C2011: 'vec2': 'struct' type redefinition
  c:\users\s189066\source\repos\finalmathlib\mathlibary\vec2.h(5): note: see declaration of 'vec2'
c:\users\s189066\source\repos\finalmathlib\mathlibary\vec2.h(138): error C2059: syntax error: '>>'
c:\users\s189066\source\repos\finalmathlib\mathlibary\mat3.h(10): error C2079: 'mat3::<unnamed-tag>::xAxis' uses undefined class 'vec3'
c:\users\s189066\source\repos\finalmathlib\mathlibary\mat3.h(11): error C2079: 'mat3::<unnamed-tag>::yAxis' uses undefined class 'vec3'
c:\users\s189066\source\repos\finalmathlib\mathlibary\mat3.h(12): error C2079: 'mat3::<unnamed-tag>::zAxis' uses undefined class 'vec3'
c:\users\s189066\source\repos\finalmathlib\mathlibary\mat3.h(14): error C2079: 'mat3::axis' uses undefined class 'vec3'
c:\program files (x86)\windows kits\10\include\10.0.17134.0\ucrt\corecrt_stdio_config.h(12): error C2059: syntax error: 'string'
c:\program files (x86)\windows kits\10\include\10.0.17134.0\ucrt\corecrt_stdio_config.h(12): error C2143: syntax error: missing ';' before '{'
c:\program files (x86)\windows kits\10\include\10.0.17134.0\ucrt\corecrt_stdio_config.h(12): error C2447: '{': missing function header (old-style formal list?)
c:\program files (x86)\windows kits\10\include\10.0.17134.0\ucrt\corecrt_wstdio.h(306): error C3861: '__local_stdio_printf_options': identifier not found
c:\program files (x86)\windows kits\10\include\10.0.17134.0\ucrt\corecrt_wstdio.h(335): error C3861: '__local_stdio_printf_options': identifier not found
c:\program files (x86)\windows kits\10\include\10.0.17134.0\ucrt\corecrt_wstdio.h(368): error C3861: '__local_stdio_printf_options': identifier not found
c:\program files (x86)\windows kits\10\include\10.0.17134.0\ucrt\corecrt_wstdio.h(722): error C3861: '__local_stdio_scanf_options': identifier not found
c:\program files (x86)\windows kits\10\include\10.0.17134.0\ucrt\corecrt_wstdio.h(753): error C3861: '__local_stdio_scanf_options': identifier not found
c:\program files (x86)\windows kits\10\include\10.0.17134.0\ucrt\corecrt_wstdio.h(1060): error C3861: '__local_stdio_printf_options': identifier not found
c:\program files (x86)\windows kits\10\include\10.0.17134.0\ucrt\corecrt_wstdio.h(1059): error C2789: '_Result': an object of const-qualified type must be initialized
  c:\program files (x86)\windows kits\10\include\10.0.17134.0\ucrt\corecrt_wstdio.h(1059): note: see declaration of '_Result'
c:\program files (x86)\windows kits\10\include\10.0.17134.0\ucrt\corecrt_wstdio.h(1085): error C3861: '__local_stdio_printf_options': identifier not found
c:\program files (x86)\windows kits\10\include\10.0.17134.0\ucrt\corecrt_wstdio.h(1084): error C2789: '_Result': an object of const-qualified type must be initialized
  c:\program files (x86)\windows kits\10\include\10.0.17134.0\ucrt\corecrt_wstdio.h(1084): note: see declaration of '_Result'
c:\program files (x86)\windows kits\10\include\10.0.17134.0\ucrt\corecrt_wstdio.h(1162): error C3861: '__local_stdio_printf_options': identifier not found
c:\program files (x86)\windows kits\10\include\10.0.17134.0\ucrt\corecrt_wstdio.h(1161): error C2789: '_Result': an object of const-qualified type must be initialized
  c:\program files (x86)\windows kits\10\include\10.0.17134.0\ucrt\corecrt_wstdio.h(1161): note: see declaration of '_Result'
c:\program files (x86)\windows kits\10\include\10.0.17134.0\ucrt\corecrt_wstdio.h(1266): error C3861: '__local_stdio_printf_options': identifier not found
c:\program files (x86)\windows kits\10\include\10.0.17134.0\ucrt\corecrt_wstdio.h(1265): error C2789: '_Result': an object of const-qualified type must be initialized
  c:\program files (x86)\windows kits\10\include\10.0.17134.0\ucrt\corecrt_wstdio.h(1265): note: see declaration of '_Result'
c:\program files (x86)\windows kits\10\include\10.0.17134.0\ucrt\corecrt_wstdio.h(1314): error C3861: '__local_stdio_printf_options': identifier not found
c:\program files (x86)\windows kits\10\include\10.0.17134.0\ucrt\corecrt_wstdio.h(1313): error C2789: '_Result': an object of const-qualified type must be initialized
  c:\program files (x86)\windows kits\10\include\10.0.17134.0\ucrt\corecrt_wstdio.h(1313): note: see declaration of '_Result'
c:\program files (x86)\windows kits\10\include\10.0.17134.0\ucrt\corecrt_wstdio.h(1349): error C3861: '__local_stdio_printf_options': identifier not found
c:\program files (x86)\windows kits\10\include\10.0.17134.0\ucrt\corecrt_wstdio.h(1348): error C2789: '_Result': an object of const-qualified type must be initialized
  c:\program files (x86)\windows kits\10\include\10.0.17134.0\ucrt\corecrt_wstdio.h(1348): note: see declaration of '_Result'
c:\program files (x86)\windows kits\10\include\10.0.17134.0\ucrt\corecrt_wstdio.h(1382): error C3861: '__local_stdio_printf_options': identifier not found
c:\program files (x86)\windows kits\10\include\10.0.17134.0\ucrt\corecrt_wstdio.h(1381): error C2789: '_Result': an object of const-qualified type must be initialized
  c:\program files (x86)\windows kits\10\include\10.0.17134.0\ucrt\corecrt_wstdio.h(1381): note: see declaration of '_Result'
c:\program files (x86)\windows kits\10\include\10.0.17134.0\ucrt\corecrt_wstdio.h(1914): error C3861: '__local_stdio_scanf_options': identifier not found
c:\program files (x86)\windows kits\10\include\10.0.17134.0\ucrt\corecrt_wstdio.h(1947): error C3861: '__local_stdio_scanf_options': identifier not found
c:\program files (x86)\windows kits\10\include\10.0.17134.0\ucrt\corecrt_wstdio.h(1993): error C3861: '__local_stdio_scanf_options': identifier not found
c:\program files (x86)\windows kits\10\include\10.0.17134.0\ucrt\corecrt_wstdio.h(2012): error C3861: '__local_stdio_scanf_options': identifier not found
c:\program files (x86)\windows kits\10\include\10.0.17134.0\ucrt\stdio.h(643): error C3861: '__local_stdio_printf_options': identifier not found
c:\program files (x86)\windows kits\10\include\10.0.17134.0\ucrt\stdio.h(672): error C3861: '__local_stdio_printf_options': identifier not found
c:\program files (x86)\windows kits\10\include\10.0.17134.0\ucrt\stdio.h(705): error C3861: '__local_stdio_printf_options': identifier not found
c:\program files (x86)\windows kits\10\include\10.0.17134.0\ucrt\stdio.h(1064): error C3861: '__local_stdio_scanf_options': identifier not found
c:\program files (x86)\windows kits\10\include\10.0.17134.0\ucrt\stdio.h(1095): error C3861: '__local_stdio_scanf_options': identifier not found
c:\program files (x86)\windows kits\10\include\10.0.17134.0\ucrt\stdio.h(1391): error C3861: '__local_stdio_printf_options': identifier not found
c:\program files (x86)\windows kits\10\include\10.0.17134.0\ucrt\stdio.h(1390): error C2789: '_Result': an object of const-qualified type must be initialized
  c:\program files (x86)\windows kits\10\include\10.0.17134.0\ucrt\stdio.h(1390): note: see declaration of '_Result'
c:\program files (x86)\windows kits\10\include\10.0.17134.0\ucrt\stdio.h(1441): error C3861: '__local_stdio_printf_options': identifier not found
c:\program files (x86)\windows kits\10\include\10.0.17134.0\ucrt\stdio.h(1440): error C2789: '_Result': an object of const-qualified type must be initialized
  c:\program files (x86)\windows kits\10\include\10.0.17134.0\ucrt\stdio.h(1440): note: see declaration of '_Result'
c:\program files (x86)\windows kits\10\include\10.0.17134.0\ucrt\stdio.h(1499): error C3861: '__local_stdio_printf_options': identifier not found
c:\program files (x86)\windows kits\10\include\10.0.17134.0\ucrt\stdio.h(1498): error C2789: '_Result': an object of const-qualified type must be initialized
  c:\program files (x86)\windows kits\10\include\10.0.17134.0\ucrt\stdio.h(1498): note: see declaration of '_Result'
c:\program files (x86)\windows kits\10\include\10.0.17134.0\ucrt\stdio.h(1548): error C3861: '__local_stdio_printf_options': identifier not found
c:\program files (x86)\windows kits\10\include\10.0.17134.0\ucrt\stdio.h(1547): error C2789: '_Result': an object of const-qualified type must be initialized
  c:\program files (x86)\windows kits\10\include\10.0.17134.0\ucrt\stdio.h(1547): note: see declaration of '_Result'
c:\program files (x86)\windows kits\10\include\10.0.17134.0\ucrt\stdio.h(1586): error C3861: '__local_stdio_printf_options': identifier not found
c:\program files (x86)\windows kits\10\include\10.0.17134.0\ucrt\stdio.h(1585): error C2789: '_Result': an object of const-qualified type must be initialized
  c:\program files (x86)\windows kits\10\include\10.0.17134.0\ucrt\stdio.h(1585): note: see declaration of '_Result'
c:\program files (x86)\windows kits\10\include\10.0.17134.0\ucrt\stdio.h(1660): error C3861: '__local_stdio_printf_options': identifier not found
c:\program files (x86)\windows kits\10\include\10.0.17134.0\ucrt\stdio.h(1659): error C2789: '_Result': an object of const-qualified type must be initialized
  c:\program files (x86)\windows kits\10\include\10.0.17134.0\ucrt\stdio.h(1659): note: see declaration of '_Result'
c:\program files (x86)\windows kits\10\include\10.0.17134.0\ucrt\stdio.h(1691): error C3861: '__local_stdio_printf_options': identifier not found
c:\program files (x86)\windows kits\10\include\10.0.17134.0\ucrt\stdio.h(1690): error C2789: '_Result': an object of const-qualified type must be initialized
  c:\program files (x86)\windows kits\10\include\10.0.17134.0\ucrt\stdio.h(1690): note: see declaration of '_Result'
c:\program files (x86)\windows kits\10\include\10.0.17134.0\ucrt\stdio.h(1724): error C3861: '__local_stdio_printf_options': identifier not found
c:\program files (x86)\windows kits\10\include\10.0.17134.0\ucrt\stdio.h(1723): error C2789: '_Result': an object of const-qualified type must be initialized
  c:\program files (x86)\windows kits\10\include\10.0.17134.0\ucrt\stdio.h(1723): note: see declaration of '_Result'
c:\program files (x86)\windows kits\10\include\10.0.17134.0\ucrt\stdio.h(2177): error C3861: '__local_stdio_scanf_options': identifier not found
c:\program files (x86)\windows kits\10\include\10.0.17134.0\ucrt\stdio.h(2208): error C3861: '__local_stdio_scanf_options': identifier not found
c:\program files (x86)\windows kits\10\include\10.0.17134.0\ucrt\stdio.h(2345): error C3861: '__local_stdio_scanf_options': identifier not found
c:\program files (x86)\windows kits\10\include\10.0.17134.0\ucrt\stdio.h(2368): error C3861: '__local_stdio_scanf_options': identifier not found
c:\program files (x86)\windows kits\10\include\10.0.17134.0\ucrt\stdio.h(2393): error C3861: '__local_stdio_scanf_options': identifier not found
c:\program files (x86)\windows kits\10\include\10.0.17134.0\ucrt\stdio.h(2416): error C3861: '__local_stdio_scanf_options': identifier not found
c:\program files (x86)\windows kits\10\include\10.0.17134.0\ucrt\corecrt_wconio.h(95): error C3861: '__local_stdio_printf_options': identifier not found
c:\program files (x86)\windows kits\10\include\10.0.17134.0\ucrt\corecrt_wconio.h(122): error C3861: '__local_stdio_printf_options': identifier not found
c:\program files (x86)\windows kits\10\include\10.0.17134.0\ucrt\corecrt_wconio.h(149): error C3861: '__local_stdio_printf_options': identifier not found
c:\program files (x86)\windows kits\10\include\10.0.17134.0\ucrt\corecrt_wconio.h(297): error C3861: '__local_stdio_scanf_options': identifier not found
c:\program files (x86)\windows kits\10\include\10.0.17134.0\ucrt\corecrt_wconio.h(329): error C3861: '__local_stdio_scanf_options': identifier not found
c:\users\s189066\source\repos\finalmathlib\mathlibary\transform2d.h(12): error C2079: 'transform2d::localPos' uses undefined struct 'vec2'
c:\users\s189066\source\repos\finalmathlib\mathlibary\transform2d.h(14): error C2079: 'transform2d::localScale' uses undefined struct 'vec2'
c:\users\s189066\source\repos\finalmathlib\mathlibary\transform2d.h(39): error C2059: syntax error: '=='
c:\users\s189066\source\repos\finalmathlib\mathlibary\transform2d.h(47): error C2011: 'transform2d': 'struct' type redefinition
  c:\users\s189066\source\repos\finalmathlib\mathlibary\transform2d.h(9): note: see declaration of 'transform2d'
c:\users\s189066\source\repos\finalmathlib\mathlibary\transform2d.h(77): error C2059: syntax error: '>>'
c:\users\s189066\source\repos\finalmathlib\mathlibary\vec4.h(6): error C2143: syntax error: missing ';' before '{'
c:\users\s189066\source\repos\finalmathlib\mathlibary\vec4.h(6): error C2447: '{': missing function header (old-style formal list?)
c:\users\s189066\source\repos\finalmathlib\mathlibary\vec4.h(43): error C2059: syntax error: '=='
c:\users\s189066\source\repos\finalmathlib\mathlibary\vec4.h(48): error C2143: syntax error: missing ';' before '{'
c:\users\s189066\source\repos\finalmathlib\mathlibary\vec4.h(48): error C2447: '{': missing function header (old-style formal list?)
c:\users\s189066\source\repos\finalmathlib\mathlibary\vec4.h(85): error C2059: syntax error: '>>'
c:\users\s189066\source\repos\finalmathlib\mathlibary\mathutil.h(82): error C2059: syntax error: '=='
c:\users\s189066\source\repos\finalmathlib\mathlibary\mathutil.h(83): error C2014: preprocessor command must start as first nonwhite space
c:\users\s189066\source\repos\finalmathlib\mathlibary\mathutil.h(93): error C2143: syntax error: missing ';' before '{'
c:\users\s189066\source\repos\finalmathlib\mathlibary\mathutil.h(93): error C2447: '{': missing function header (old-style formal list?)
c:\users\s189066\source\repos\finalmathlib\mathlibary\mathutil.h(130): error C2995: 'bool assert(const char *,T,T)': function template has already been defined
  c:\users\s189066\source\repos\finalmathlib\mathlibary\mathutil.h(41): note: see declaration of 'assert'
c:\users\s189066\source\repos\finalmathlib\mathlibary\mathutil.h(150): error C2995: 'T lerp1(const T &,const T &,float)': function template has already been defined
  c:\users\s189066\source\repos\finalmathlib\mathlibary\mathutil.h(65): note: see declaration of 'lerp1'
c:\users\s189066\source\repos\finalmathlib\mathlibary\mathutil.h(157): error C2995: 'T lerp2(const T &,const T &,float)': function template has already been defined
  c:\users\s189066\source\repos\finalmathlib\mathlibary\mathutil.h(72): note: see declaration of 'lerp2'
c:\users\s189066\source\repos\finalmathlib\mathlibary\mathutil.h(163): error C2995: 'T lerp3(const T &,const T &,float)': function template has already been defined
  c:\users\s189066\source\repos\finalmathlib\mathlibary\mathutil.h(78): note: see declaration of 'lerp3'
c:\users\s189066\source\repos\finalmathlib\mathlibary\mathutil.h(164): error C2059: syntax error: '>>'
c:\users\s189066\source\repos\finalmathlib\demoproject\tankbarrel.h(6): error C2143: syntax error: missing ';' before '{'
c:\users\s189066\source\repos\finalmathlib\demoproject\tankbarrel.h(6): error C2447: '{': missing function header (old-style formal list?)
c:\users\s189066\source\repos\finalmathlib\demoproject\tankbody.h(12): error C2079: 'tankBody::body' uses undefined struct 'transform2d'
c:\users\s189066\source\repos\finalmathlib\demoproject\tankbarrel.cpp(3): error C2653: 'tankBarrel': is not a class or namespace name
c:\users\s189066\source\repos\finalmathlib\demoproject\tankbarrel.cpp(6): error C2065: 'bar': undeclared identifier
c:\users\s189066\source\repos\finalmathlib\demoproject\tankbarrel.cpp(6): error C2228: left of '.localPos' must have class/struct/union
  c:\users\s189066\source\repos\finalmathlib\demoproject\tankbarrel.cpp(6): note: type is 'unknown-type'
c:\users\s189066\source\repos\finalmathlib\demoproject\tankbarrel.cpp(9): error C2523: 'tankBarrel::~tankBarrel': destructor tag mismatch
c:\users\s189066\source\repos\finalmathlib\demoproject\tankbarrel.cpp(9): error C2510: 'tankBarrel': left of '::' must be a class/struct/union
c:\users\s189066\source\repos\finalmathlib\demoproject\tankbarrel.cpp(10): error C4430: missing type specifier - int assumed. Note: C++ does not support default-int
c:\users\s189066\source\repos\finalmathlib\demoproject\tankbarrel.cpp(10): error C2556: 'int tankBarrel(void)': overloaded function differs only by return type from 'tankBody tankBarrel(void)'
  c:\users\s189066\source\repos\finalmathlib\demoproject\tankbarrel.cpp(3): note: see declaration of 'tankBarrel'
c:\users\s189066\source\repos\finalmathlib\demoproject\tankbarrel.cpp(9): error C2371: 'tankBarrel': redefinition; different basic types
  c:\users\s189066\source\repos\finalmathlib\demoproject\tankbarrel.cpp(3): note: see declaration of 'tankBarrel'
c:\users\s189066\source\repos\finalmathlib\demoproject\tankbarrel.cpp(13): error C2510: 'tankBarrel': left of '::' must be a class/struct/union
c:\users\s189066\source\repos\finalmathlib\demoproject\tankbarrel.cpp(15): error C2065: 'bar': undeclared identifier
c:\users\s189066\source\repos\finalmathlib\demoproject\tankbarrel.cpp(15): error C2228: left of '.setParent' must have class/struct/union
c:\users\s189066\source\repos\finalmathlib\demoproject\tankbarrel.cpp(15): fatal error C1003: error count exceeds 100; stopping compilation
  tankBody.cpp
c:\users\s189066\source\repos\finalmathlib\mathlibary\vec2.h(69): error C2059: syntax error: '=='
c:\users\s189066\source\repos\finalmathlib\mathlibary\vec2.h(74): error C2011: 'vec2': 'struct' type redefinition
  c:\users\s189066\source\repos\finalmathlib\mathlibary\vec2.h(5): note: see declaration of 'vec2'
c:\users\s189066\source\repos\finalmathlib\mathlibary\vec2.h(138): error C2059: syntax error: '>>'
c:\users\s189066\source\repos\finalmathlib\mathlibary\vec3.h(42): error C2059: syntax error: '=='
c:\users\s189066\source\repos\finalmathlib\mathlibary\vec3.h(47): error C2011: 'vec3': 'class' type redefinition
  c:\users\s189066\source\repos\finalmathlib\mathlibary\vec3.h(5): note: see declaration of 'vec3'
c:\users\s189066\source\repos\finalmathlib\mathlibary\vec3.h(84): error C2059: syntax error: '>>'
c:\users\s189066\source\repos\finalmathlib\mathlibary\vec4.h(43): error C2059: syntax error: '=='
c:\users\s189066\source\repos\finalmathlib\mathlibary\vec4.h(48): error C2011: 'vec4': 'class' type redefinition
  c:\users\s189066\source\repos\finalmathlib\mathlibary\vec4.h(6): note: see declaration of 'vec4'
c:\users\s189066\source\repos\finalmathlib\mathlibary\vec4.h(85): error C2059: syntax error: '>>'
c:\users\s189066\source\repos\finalmathlib\mathlibary\mat3.h(10): error C2079: 'mat3::<unnamed-tag>::xAxis' uses undefined class 'vec3'
c:\users\s189066\source\repos\finalmathlib\mathlibary\mat3.h(11): error C2079: 'mat3::<unnamed-tag>::yAxis' uses undefined class 'vec3'
c:\users\s189066\source\repos\finalmathlib\mathlibary\mat3.h(12): error C2079: 'mat3::<unnamed-tag>::zAxis' uses undefined class 'vec3'
c:\users\s189066\source\repos\finalmathlib\mathlibary\mat3.h(14): error C2079: 'mat3::axis' uses undefined class 'vec3'
c:\program files (x86)\microsoft visual studio\2017\enterprise\vc\tools\msvc\14.14.26428\include\xstring_insert.h(17): error C2059: syntax error: 'namespace'
c:\program files (x86)\microsoft visual studio\2017\enterprise\vc\tools\msvc\14.14.26428\include\xstring_insert.h(17): error C2143: syntax error: missing ';' before '{'
c:\program files (x86)\microsoft visual studio\2017\enterprise\vc\tools\msvc\14.14.26428\include\xstring_insert.h(17): error C2447: '{': missing function header (old-style formal list?)
c:\users\s189066\source\repos\finalmathlib\mathlibary\mathutil.h(82): error C2059: syntax error: '=='
c:\users\s189066\source\repos\finalmathlib\mathlibary\mathutil.h(83): error C2014: preprocessor command must start as first nonwhite space
c:\users\s189066\source\repos\finalmathlib\mathlibary\mathutil.h(93): error C2143: syntax error: missing ';' before '{'
c:\users\s189066\source\repos\finalmathlib\mathlibary\mathutil.h(93): error C2447: '{': missing function header (old-style formal list?)
c:\users\s189066\source\repos\finalmathlib\mathlibary\mathutil.h(130): error C2995: 'bool assert(const char *,T,T)': function template has already been defined
  c:\users\s189066\source\repos\finalmathlib\mathlibary\mathutil.h(41): note: see declaration of 'assert'
c:\users\s189066\source\repos\finalmathlib\mathlibary\mathutil.h(150): error C2995: 'T lerp1(const T &,const T &,float)': function template has already been defined
  c:\users\s189066\source\repos\finalmathlib\mathlibary\mathutil.h(65): note: see declaration of 'lerp1'
c:\users\s189066\source\repos\finalmathlib\mathlibary\mathutil.h(157): error C2995: 'T lerp2(const T &,const T &,float)': function template has already been defined
  c:\users\s189066\source\repos\finalmathlib\mathlibary\mathutil.h(72): note: see declaration of 'lerp2'
c:\users\s189066\source\repos\finalmathlib\mathlibary\mathutil.h(163): error C2995: 'T lerp3(const T &,const T &,float)': function template has already been defined
  c:\users\s189066\source\repos\finalmathlib\mathlibary\mathutil.h(78): note: see declaration of 'lerp3'
c:\users\s189066\source\repos\finalmathlib\mathlibary\mathutil.h(164): error C2059: syntax error: '>>'
c:\program files (x86)\microsoft visual studio\2017\enterprise\vc\tools\msvc\14.14.26428\include\vector(20): error C2143: syntax error: missing ';' before '{'
c:\program files (x86)\microsoft visual studio\2017\enterprise\vc\tools\msvc\14.14.26428\include\vector(20): error C2447: '{': missing function header (old-style formal list?)
c:\users\s189066\source\repos\finalmathlib\mathlibary\transform2d.h(12): error C2079: 'transform2d::localPos' uses undefined struct 'vec2'
c:\users\s189066\source\repos\finalmathlib\mathlibary\transform2d.h(14): error C2079: 'transform2d::localScale' uses undefined struct 'vec2'
c:\users\s189066\source\repos\finalmathlib\mathlibary\transform2d.h(36): error C2039: 'vector': is not a member of 'std'
  c:\program files (x86)\microsoft visual studio\2017\enterprise\vc\tools\msvc\14.14.26428\include\string(20): note: see declaration of 'std'
c:\users\s189066\source\repos\finalmathlib\mathlibary\transform2d.h(36): error C2143: syntax error: missing ';' before '<'
c:\users\s189066\source\repos\finalmathlib\mathlibary\transform2d.h(36): error C4430: missing type specifier - int assumed. Note: C++ does not support default-int
c:\users\s189066\source\repos\finalmathlib\mathlibary\transform2d.h(36): error C2238: unexpected token(s) preceding ';'
c:\users\s189066\source\repos\finalmathlib\mathlibary\transform2d.h(39): error C2059: syntax error: '=='
c:\users\s189066\source\repos\finalmathlib\mathlibary\transform2d.h(47): error C2011: 'transform2d': 'struct' type redefinition
  c:\users\s189066\source\repos\finalmathlib\mathlibary\transform2d.h(9): note: see declaration of 'transform2d'
c:\users\s189066\source\repos\finalmathlib\mathlibary\transform2d.h(77): error C2059: syntax error: '>>'
c:\users\s189066\source\repos\finalmathlib\demoproject\tankbarrel.h(6): error C2143: syntax error: missing ';' before '{'
c:\users\s189066\source\repos\finalmathlib\demoproject\tankbarrel.h(6): error C2447: '{': missing function header (old-style formal list?)
c:\users\s189066\source\repos\finalmathlib\demoproject\tankbody.h(12): error C2079: 'tankBody::body' uses undefined struct 'transform2d'
c:\users\s189066\source\repos\finalmathlib\demoproject\tankbody.cpp(3): error C2533: 'tankBody::{ctor}': constructors not allowed a return type
c:\users\s189066\source\repos\finalmathlib\demoproject\tankbody.cpp(5): error C2228: left of '.localPos' must have class/struct/union
  c:\users\s189066\source\repos\finalmathlib\demoproject\tankbody.cpp(5): note: type is 'int'
c:\users\s189066\source\repos\finalmathlib\demoproject\tankbody.cpp(15): warning C4838: conversion from 'int' to 'float' requires a narrowing conversion
c:\users\s189066\source\repos\finalmathlib\demoproject\tankbody.cpp(15): warning C4244: 'initializing': conversion from 'int' to 'float', possible loss of data
c:\users\s189066\source\repos\finalmathlib\demoproject\tankbody.cpp(16): error C2228: left of '.worldPosition' must have class/struct/union
  c:\users\s189066\source\repos\finalmathlib\demoproject\tankbody.cpp(16): note: type is 'int'
c:\users\s189066\source\repos\finalmathlib\demoproject\tankbody.cpp(16): error C2228: left of '.x' must have class/struct/union
c:\users\s189066\source\repos\finalmathlib\demoproject\tankbody.cpp(16): error C2228: left of '.y' must have class/struct/union
c:\users\s189066\source\repos\finalmathlib\demoproject\tankbody.cpp(16): warning C4838: conversion from 'int' to 'float' requires a narrowing conversion
c:\users\s189066\source\repos\finalmathlib\demoproject\tankbody.cpp(16): warning C4244: 'initializing': conversion from 'int' to 'float', possible loss of data
c:\users\s189066\source\repos\finalmathlib\demoproject\tankbody.cpp(18): error C2228: left of '.worldRotation' must have class/struct/union
  c:\users\s189066\source\repos\finalmathlib\demoproject\tankbody.cpp(18): note: type is 'int'
c:\users\s189066\source\repos\finalmathlib\demoproject\tankbody.cpp(18): error C2660: 'DrawTexturePro': function does not take 5 arguments
  c:\users\s189066\source\repos\finalmathlib\thirdparty\raylib\raylib.h(998): note: see declaration of 'DrawTexturePro'
c:\users\s189066\source\repos\finalmathlib\demoproject\tankbody.cpp(24): error C2228: left of '.localPos' must have class/struct/union
  c:\users\s189066\source\repos\finalmathlib\demoproject\tankbody.cpp(24): note: type is 'int'
c:\users\s189066\source\repos\finalmathlib\demoproject\tankbody.cpp(24): error C2228: left of '.y' must have class/struct/union
c:\users\s189066\source\repos\finalmathlib\demoproject\tankbody.cpp(27): error C2228: left of '.localPos' must have class/struct/union
  c:\users\s189066\source\repos\finalmathlib\demoproject\tankbody.cpp(27): note: type is 'int'
c:\users\s189066\source\repos\finalmathlib\demoproject\tankbody.cpp(27): error C2228: left of '.y' must have class/struct/union
c:\users\s189066\source\repos\finalmathlib\demoproject\tankbody.cpp(30): error C2228: left of '.localPos' must have class/struct/union
  c:\users\s189066\source\repos\finalmathlib\demoproject\tankbody.cpp(30): note: type is 'int'
c:\users\s189066\source\repos\finalmathlib\demoproject\tankbody.cpp(30): error C2228: left of '.x' must have class/struct/union
c:\users\s189066\source\repos\finalmathlib\demoproject\tankbody.cpp(33): error C2228: left of '.localPos' must have class/struct/union
  c:\users\s189066\source\repos\finalmathlib\demoproject\tankbody.cpp(33): note: type is 'int'
c:\users\s189066\source\repos\finalmathlib\demoproject\tankbody.cpp(33): error C2228: left of '.x' must have class/struct/union
c:\users\s189066\source\repos\finalmathlib\demoproject\tankbody.cpp(36): error C2228: left of '.rotate' must have class/struct/union
  c:\users\s189066\source\repos\finalmathlib\demoproject\tankbody.cpp(36): note: type is 'int'
c:\users\s189066\source\repos\finalmathlib\demoproject\tankbody.cpp(39): error C2228: left of '.rotate' must have class/struct/union
  c:\users\s189066\source\repos\finalmathlib\demoproject\tankbody.cpp(39): note: type is 'int'
  Generating Code...
