  mat3.cpp
c:\users\s189066\source\repos\finalmathlib\mathlibary\vec3.h(42): error C2059: syntax error: '=='
c:\users\s189066\source\repos\finalmathlib\mathlibary\vec3.h(47): error C2011: 'vec3': 'class' type redefinition
  c:\users\s189066\source\repos\finalmathlib\mathlibary\vec3.h(5): note: see declaration of 'vec3'
c:\users\s189066\source\repos\finalmathlib\mathlibary\vec3.h(84): error C2059: syntax error: '>>'
c:\users\s189066\source\repos\finalmathlib\mathlibary\vec2.h(69): error C2059: syntax error: '=='
c:\users\s189066\source\repos\finalmathlib\mathlibary\vec2.h(74): error C2011: 'vec2': 'struct' type redefinition
  c:\users\s189066\source\repos\finalmathlib\mathlibary\vec2.h(5): note: see declaration of 'vec2'
c:\users\s189066\source\repos\finalmathlib\mathlibary\vec2.h(138): error C2059: syntax error: '>>'
c:\users\s189066\source\repos\finalmathlib\mathlibary\mat3.h(10): error C2079: 'mat3::<unnamed-tag>::xAxis' uses undefined class 'vec3'
c:\users\s189066\source\repos\finalmathlib\mathlibary\mat3.h(11): error C2079: 'mat3::<unnamed-tag>::yAxis' uses undefined class 'vec3'
c:\users\s189066\source\repos\finalmathlib\mathlibary\mat3.h(12): error C2079: 'mat3::<unnamed-tag>::zAxis' uses undefined class 'vec3'
c:\users\s189066\source\repos\finalmathlib\mathlibary\mat3.h(14): error C2079: 'mat3::axis' uses undefined class 'vec3'
c:\users\s189066\source\repos\finalmathlib\mathlibary\mat3.cpp(6): error C2533: 'mat3::{ctor}': constructors not allowed a return type
c:\users\s189066\source\repos\finalmathlib\mathlibary\mat3.cpp(61): error C2264: 'mat3::mat3': error in function definition or declaration; function not called
c:\users\s189066\source\repos\finalmathlib\mathlibary\mat3.cpp(93): error C2109: subscript requires array or pointer type
c:\users\s189066\source\repos\finalmathlib\mathlibary\mat3.cpp(99): error C2264: 'mat3::mat3': error in function definition or declaration; function not called
c:\users\s189066\source\repos\finalmathlib\mathlibary\mat3.cpp(101): error C2228: left of '.dot' must have class/struct/union
  c:\users\s189066\source\repos\finalmathlib\mathlibary\mat3.cpp(101): note: type is 'int'
c:\users\s189066\source\repos\finalmathlib\mathlibary\mat3.cpp(102): error C2228: left of '.dot' must have class/struct/union
  c:\users\s189066\source\repos\finalmathlib\mathlibary\mat3.cpp(102): note: type is 'int'
c:\users\s189066\source\repos\finalmathlib\mathlibary\mat3.cpp(103): error C2228: left of '.dot' must have class/struct/union
  c:\users\s189066\source\repos\finalmathlib\mathlibary\mat3.cpp(103): note: type is 'int'
c:\users\s189066\source\repos\finalmathlib\mathlibary\mat3.cpp(104): error C2228: left of '.dot' must have class/struct/union
  c:\users\s189066\source\repos\finalmathlib\mathlibary\mat3.cpp(104): note: type is 'int'
c:\users\s189066\source\repos\finalmathlib\mathlibary\mat3.cpp(105): error C2228: left of '.dot' must have class/struct/union
  c:\users\s189066\source\repos\finalmathlib\mathlibary\mat3.cpp(105): note: type is 'int'
c:\users\s189066\source\repos\finalmathlib\mathlibary\mat3.cpp(106): error C2228: left of '.dot' must have class/struct/union
  c:\users\s189066\source\repos\finalmathlib\mathlibary\mat3.cpp(106): note: type is 'int'
c:\users\s189066\source\repos\finalmathlib\mathlibary\mat3.cpp(107): error C2228: left of '.dot' must have class/struct/union
  c:\users\s189066\source\repos\finalmathlib\mathlibary\mat3.cpp(107): note: type is 'int'
c:\users\s189066\source\repos\finalmathlib\mathlibary\mat3.cpp(108): error C2228: left of '.dot' must have class/struct/union
  c:\users\s189066\source\repos\finalmathlib\mathlibary\mat3.cpp(108): note: type is 'int'
c:\users\s189066\source\repos\finalmathlib\mathlibary\mat3.cpp(109): error C2228: left of '.dot' must have class/struct/union
  c:\users\s189066\source\repos\finalmathlib\mathlibary\mat3.cpp(109): note: type is 'int'
c:\users\s189066\source\repos\finalmathlib\mathlibary\mat3.cpp(148): error C2264: 'mat3::mat3': error in function definition or declaration; function not called
c:\users\s189066\source\repos\finalmathlib\mathlibary\mat3.cpp(188): error C2264: 'mat3::mat3': error in function definition or declaration; function not called
c:\users\s189066\source\repos\finalmathlib\mathlibary\mat3.cpp(190): error C2228: left of '.x' must have class/struct/union
  c:\users\s189066\source\repos\finalmathlib\mathlibary\mat3.cpp(190): note: type is 'int'
c:\users\s189066\source\repos\finalmathlib\mathlibary\mat3.cpp(191): error C2228: left of '.y' must have class/struct/union
  c:\users\s189066\source\repos\finalmathlib\mathlibary\mat3.cpp(191): note: type is 'int'
c:\users\s189066\source\repos\finalmathlib\mathlibary\mat3.cpp(197): error C2264: 'mat3::mat3': error in function definition or declaration; function not called
c:\users\s189066\source\repos\finalmathlib\mathlibary\mat3.cpp(198): error C2027: use of undefined type 'vec2'
  c:\users\s189066\source\repos\finalmathlib\mathlibary\vec2.h(5): note: see declaration of 'vec2'
c:\users\s189066\source\repos\finalmathlib\mathlibary\mat3.cpp(198): error C2228: left of '.x' must have class/struct/union
c:\users\s189066\source\repos\finalmathlib\mathlibary\mat3.cpp(198): error C2228: left of '.y' must have class/struct/union
c:\users\s189066\source\repos\finalmathlib\mathlibary\mat3.cpp(204): error C2264: 'mat3::mat3': error in function definition or declaration; function not called
c:\users\s189066\source\repos\finalmathlib\mathlibary\mat3.cpp(222): error C2264: 'mat3::mat3': error in function definition or declaration; function not called
c:\users\s189066\source\repos\finalmathlib\mathlibary\mat3.cpp(225): error C2109: subscript requires array or pointer type
c:\users\s189066\source\repos\finalmathlib\mathlibary\mat3.cpp(225): error C2228: left of '.x' must have class/struct/union
c:\users\s189066\source\repos\finalmathlib\mathlibary\mat3.cpp(226): error C2109: subscript requires array or pointer type
c:\users\s189066\source\repos\finalmathlib\mathlibary\mat3.cpp(226): error C2228: left of '.y' must have class/struct/union
c:\users\s189066\source\repos\finalmathlib\mathlibary\mat3.cpp(227): error C2109: subscript requires array or pointer type
c:\users\s189066\source\repos\finalmathlib\mathlibary\mat3.cpp(227): error C2228: left of '.z' must have class/struct/union
c:\users\s189066\source\repos\finalmathlib\mathlibary\mat3.cpp(234): error C2027: use of undefined type 'vec3'
  c:\users\s189066\source\repos\finalmathlib\mathlibary\vec3.h(5): note: see declaration of 'vec3'
c:\users\s189066\source\repos\finalmathlib\mathlibary\mat3.cpp(235): error C2264: 'mat3::mat3': error in function definition or declaration; function not called
c:\users\s189066\source\repos\finalmathlib\mathlibary\mat3.cpp(236): error C2079: 'e' uses undefined class 'vec3'
c:\users\s189066\source\repos\finalmathlib\mathlibary\mat3.cpp(240): error C2228: left of '.x' must have class/struct/union
  c:\users\s189066\source\repos\finalmathlib\mathlibary\mat3.cpp(240): note: type is 'int'
c:\users\s189066\source\repos\finalmathlib\mathlibary\mat3.cpp(240): error C2228: left of '.dot' must have class/struct/union
  c:\users\s189066\source\repos\finalmathlib\mathlibary\mat3.cpp(240): note: type is 'int'
c:\users\s189066\source\repos\finalmathlib\mathlibary\mat3.cpp(241): error C2228: left of '.y' must have class/struct/union
  c:\users\s189066\source\repos\finalmathlib\mathlibary\mat3.cpp(241): note: type is 'int'
c:\users\s189066\source\repos\finalmathlib\mathlibary\mat3.cpp(241): error C2228: left of '.dot' must have class/struct/union
  c:\users\s189066\source\repos\finalmathlib\mathlibary\mat3.cpp(241): note: type is 'int'
c:\users\s189066\source\repos\finalmathlib\mathlibary\mat3.cpp(242): error C2228: left of '.z' must have class/struct/union
  c:\users\s189066\source\repos\finalmathlib\mathlibary\mat3.cpp(242): note: type is 'int'
c:\users\s189066\source\repos\finalmathlib\mathlibary\mat3.cpp(242): error C2228: left of '.dot' must have class/struct/union
  c:\users\s189066\source\repos\finalmathlib\mathlibary\mat3.cpp(242): note: type is 'int'
c:\users\s189066\source\repos\finalmathlib\mathlibary\mat3.cpp(248): error C2027: use of undefined type 'vec2'
  c:\users\s189066\source\repos\finalmathlib\mathlibary\vec2.h(5): note: see declaration of 'vec2'
c:\users\s189066\source\repos\finalmathlib\mathlibary\mat3.cpp(249): error C2264: 'mat3::mat3': error in function definition or declaration; function not called
c:\users\s189066\source\repos\finalmathlib\mathlibary\mat3.cpp(250): error C2079: 'e' uses undefined struct 'vec2'
c:\users\s189066\source\repos\finalmathlib\mathlibary\mat3.cpp(251): error C2079: 'd' uses undefined class 'vec3'
c:\users\s189066\source\repos\finalmathlib\mathlibary\mat3.cpp(253): error C2228: left of '.x' must have class/struct/union
  c:\users\s189066\source\repos\finalmathlib\mathlibary\mat3.cpp(253): note: type is 'int'
c:\users\s189066\source\repos\finalmathlib\mathlibary\mat3.cpp(253): error C2027: use of undefined type 'vec2'
  c:\users\s189066\source\repos\finalmathlib\mathlibary\vec2.h(5): note: see declaration of 'vec2'
c:\users\s189066\source\repos\finalmathlib\mathlibary\mat3.cpp(254): error C2228: left of '.y' must have class/struct/union
  c:\users\s189066\source\repos\finalmathlib\mathlibary\mat3.cpp(254): note: type is 'int'
c:\users\s189066\source\repos\finalmathlib\mathlibary\mat3.cpp(254): error C2027: use of undefined type 'vec2'
  c:\users\s189066\source\repos\finalmathlib\mathlibary\vec2.h(5): note: see declaration of 'vec2'
c:\users\s189066\source\repos\finalmathlib\mathlibary\mat3.cpp(255): error C2228: left of '.z' must have class/struct/union
  c:\users\s189066\source\repos\finalmathlib\mathlibary\mat3.cpp(255): note: type is 'int'
c:\users\s189066\source\repos\finalmathlib\mathlibary\mat3.cpp(259): error C2228: left of '.x' must have class/struct/union
  c:\users\s189066\source\repos\finalmathlib\mathlibary\mat3.cpp(259): note: type is 'int'
c:\users\s189066\source\repos\finalmathlib\mathlibary\mat3.cpp(259): error C2228: left of '.dot' must have class/struct/union
  c:\users\s189066\source\repos\finalmathlib\mathlibary\mat3.cpp(259): note: type is 'int'
c:\users\s189066\source\repos\finalmathlib\mathlibary\mat3.cpp(260): error C2228: left of '.y' must have class/struct/union
  c:\users\s189066\source\repos\finalmathlib\mathlibary\mat3.cpp(260): note: type is 'int'
c:\users\s189066\source\repos\finalmathlib\mathlibary\mat3.cpp(260): error C2228: left of '.dot' must have class/struct/union
  c:\users\s189066\source\repos\finalmathlib\mathlibary\mat3.cpp(260): note: type is 'int'
  Transform2D.cpp
c:\users\s189066\source\repos\finalmathlib\mathlibary\vec3.h(42): error C2059: syntax error: '=='
c:\users\s189066\source\repos\finalmathlib\mathlibary\vec3.h(47): error C2011: 'vec3': 'class' type redefinition
  c:\users\s189066\source\repos\finalmathlib\mathlibary\vec3.h(5): note: see declaration of 'vec3'
c:\users\s189066\source\repos\finalmathlib\mathlibary\vec3.h(84): error C2059: syntax error: '>>'
c:\users\s189066\source\repos\finalmathlib\mathlibary\vec2.h(69): error C2059: syntax error: '=='
c:\users\s189066\source\repos\finalmathlib\mathlibary\vec2.h(74): error C2011: 'vec2': 'struct' type redefinition
  c:\users\s189066\source\repos\finalmathlib\mathlibary\vec2.h(5): note: see declaration of 'vec2'
c:\users\s189066\source\repos\finalmathlib\mathlibary\vec2.h(138): error C2059: syntax error: '>>'
c:\users\s189066\source\repos\finalmathlib\mathlibary\mat3.h(10): error C2079: 'mat3::<unnamed-tag>::xAxis' uses undefined class 'vec3'
c:\users\s189066\source\repos\finalmathlib\mathlibary\mat3.h(11): error C2079: 'mat3::<unnamed-tag>::yAxis' uses undefined class 'vec3'
c:\users\s189066\source\repos\finalmathlib\mathlibary\mat3.h(12): error C2079: 'mat3::<unnamed-tag>::zAxis' uses undefined class 'vec3'
c:\users\s189066\source\repos\finalmathlib\mathlibary\mat3.h(14): error C2079: 'mat3::axis' uses undefined class 'vec3'
c:\program files (x86)\windows kits\10\include\10.0.17134.0\ucrt\corecrt_stdio_config.h(12): error C2059: syntax error: 'string'
c:\program files (x86)\windows kits\10\include\10.0.17134.0\ucrt\corecrt_stdio_config.h(12): error C2143: syntax error: missing ';' before '{'
c:\program files (x86)\windows kits\10\include\10.0.17134.0\ucrt\corecrt_stdio_config.h(12): error C2447: '{': missing function header (old-style formal list?)
c:\program files (x86)\windows kits\10\include\10.0.17134.0\ucrt\corecrt_wstdio.h(306): error C3861: '__local_stdio_printf_options': identifier not found
c:\program files (x86)\windows kits\10\include\10.0.17134.0\ucrt\corecrt_wstdio.h(335): error C3861: '__local_stdio_printf_options': identifier not found
c:\program files (x86)\windows kits\10\include\10.0.17134.0\ucrt\corecrt_wstdio.h(368): error C3861: '__local_stdio_printf_options': identifier not found
c:\program files (x86)\windows kits\10\include\10.0.17134.0\ucrt\corecrt_wstdio.h(722): error C3861: '__local_stdio_scanf_options': identifier not found
c:\program files (x86)\windows kits\10\include\10.0.17134.0\ucrt\corecrt_wstdio.h(753): error C3861: '__local_stdio_scanf_options': identifier not found
c:\program files (x86)\windows kits\10\include\10.0.17134.0\ucrt\corecrt_wstdio.h(1060): error C3861: '__local_stdio_printf_options': identifier not found
c:\program files (x86)\windows kits\10\include\10.0.17134.0\ucrt\corecrt_wstdio.h(1059): error C2789: '_Result': an object of const-qualified type must be initialized
  c:\program files (x86)\windows kits\10\include\10.0.17134.0\ucrt\corecrt_wstdio.h(1059): note: see declaration of '_Result'
c:\program files (x86)\windows kits\10\include\10.0.17134.0\ucrt\corecrt_wstdio.h(1085): error C3861: '__local_stdio_printf_options': identifier not found
c:\program files (x86)\windows kits\10\include\10.0.17134.0\ucrt\corecrt_wstdio.h(1084): error C2789: '_Result': an object of const-qualified type must be initialized
  c:\program files (x86)\windows kits\10\include\10.0.17134.0\ucrt\corecrt_wstdio.h(1084): note: see declaration of '_Result'
c:\program files (x86)\windows kits\10\include\10.0.17134.0\ucrt\corecrt_wstdio.h(1162): error C3861: '__local_stdio_printf_options': identifier not found
c:\program files (x86)\windows kits\10\include\10.0.17134.0\ucrt\corecrt_wstdio.h(1161): error C2789: '_Result': an object of const-qualified type must be initialized
  c:\program files (x86)\windows kits\10\include\10.0.17134.0\ucrt\corecrt_wstdio.h(1161): note: see declaration of '_Result'
c:\program files (x86)\windows kits\10\include\10.0.17134.0\ucrt\corecrt_wstdio.h(1266): error C3861: '__local_stdio_printf_options': identifier not found
c:\program files (x86)\windows kits\10\include\10.0.17134.0\ucrt\corecrt_wstdio.h(1265): error C2789: '_Result': an object of const-qualified type must be initialized
  c:\program files (x86)\windows kits\10\include\10.0.17134.0\ucrt\corecrt_wstdio.h(1265): note: see declaration of '_Result'
c:\program files (x86)\windows kits\10\include\10.0.17134.0\ucrt\corecrt_wstdio.h(1314): error C3861: '__local_stdio_printf_options': identifier not found
c:\program files (x86)\windows kits\10\include\10.0.17134.0\ucrt\corecrt_wstdio.h(1313): error C2789: '_Result': an object of const-qualified type must be initialized
  c:\program files (x86)\windows kits\10\include\10.0.17134.0\ucrt\corecrt_wstdio.h(1313): note: see declaration of '_Result'
c:\program files (x86)\windows kits\10\include\10.0.17134.0\ucrt\corecrt_wstdio.h(1349): error C3861: '__local_stdio_printf_options': identifier not found
c:\program files (x86)\windows kits\10\include\10.0.17134.0\ucrt\corecrt_wstdio.h(1348): error C2789: '_Result': an object of const-qualified type must be initialized
  c:\program files (x86)\windows kits\10\include\10.0.17134.0\ucrt\corecrt_wstdio.h(1348): note: see declaration of '_Result'
c:\program files (x86)\windows kits\10\include\10.0.17134.0\ucrt\corecrt_wstdio.h(1382): error C3861: '__local_stdio_printf_options': identifier not found
c:\program files (x86)\windows kits\10\include\10.0.17134.0\ucrt\corecrt_wstdio.h(1381): error C2789: '_Result': an object of const-qualified type must be initialized
  c:\program files (x86)\windows kits\10\include\10.0.17134.0\ucrt\corecrt_wstdio.h(1381): note: see declaration of '_Result'
c:\program files (x86)\windows kits\10\include\10.0.17134.0\ucrt\corecrt_wstdio.h(1914): error C3861: '__local_stdio_scanf_options': identifier not found
c:\program files (x86)\windows kits\10\include\10.0.17134.0\ucrt\corecrt_wstdio.h(1947): error C3861: '__local_stdio_scanf_options': identifier not found
c:\program files (x86)\windows kits\10\include\10.0.17134.0\ucrt\corecrt_wstdio.h(1993): error C3861: '__local_stdio_scanf_options': identifier not found
c:\program files (x86)\windows kits\10\include\10.0.17134.0\ucrt\corecrt_wstdio.h(2012): error C3861: '__local_stdio_scanf_options': identifier not found
c:\program files (x86)\windows kits\10\include\10.0.17134.0\ucrt\stdio.h(643): error C3861: '__local_stdio_printf_options': identifier not found
c:\program files (x86)\windows kits\10\include\10.0.17134.0\ucrt\stdio.h(672): error C3861: '__local_stdio_printf_options': identifier not found
c:\program files (x86)\windows kits\10\include\10.0.17134.0\ucrt\stdio.h(705): error C3861: '__local_stdio_printf_options': identifier not found
c:\program files (x86)\windows kits\10\include\10.0.17134.0\ucrt\stdio.h(1064): error C3861: '__local_stdio_scanf_options': identifier not found
c:\program files (x86)\windows kits\10\include\10.0.17134.0\ucrt\stdio.h(1095): error C3861: '__local_stdio_scanf_options': identifier not found
c:\program files (x86)\windows kits\10\include\10.0.17134.0\ucrt\stdio.h(1391): error C3861: '__local_stdio_printf_options': identifier not found
c:\program files (x86)\windows kits\10\include\10.0.17134.0\ucrt\stdio.h(1390): error C2789: '_Result': an object of const-qualified type must be initialized
  c:\program files (x86)\windows kits\10\include\10.0.17134.0\ucrt\stdio.h(1390): note: see declaration of '_Result'
c:\program files (x86)\windows kits\10\include\10.0.17134.0\ucrt\stdio.h(1441): error C3861: '__local_stdio_printf_options': identifier not found
c:\program files (x86)\windows kits\10\include\10.0.17134.0\ucrt\stdio.h(1440): error C2789: '_Result': an object of const-qualified type must be initialized
  c:\program files (x86)\windows kits\10\include\10.0.17134.0\ucrt\stdio.h(1440): note: see declaration of '_Result'
c:\program files (x86)\windows kits\10\include\10.0.17134.0\ucrt\stdio.h(1499): error C3861: '__local_stdio_printf_options': identifier not found
c:\program files (x86)\windows kits\10\include\10.0.17134.0\ucrt\stdio.h(1498): error C2789: '_Result': an object of const-qualified type must be initialized
  c:\program files (x86)\windows kits\10\include\10.0.17134.0\ucrt\stdio.h(1498): note: see declaration of '_Result'
c:\program files (x86)\windows kits\10\include\10.0.17134.0\ucrt\stdio.h(1548): error C3861: '__local_stdio_printf_options': identifier not found
c:\program files (x86)\windows kits\10\include\10.0.17134.0\ucrt\stdio.h(1547): error C2789: '_Result': an object of const-qualified type must be initialized
  c:\program files (x86)\windows kits\10\include\10.0.17134.0\ucrt\stdio.h(1547): note: see declaration of '_Result'
c:\program files (x86)\windows kits\10\include\10.0.17134.0\ucrt\stdio.h(1586): error C3861: '__local_stdio_printf_options': identifier not found
c:\program files (x86)\windows kits\10\include\10.0.17134.0\ucrt\stdio.h(1585): error C2789: '_Result': an object of const-qualified type must be initialized
  c:\program files (x86)\windows kits\10\include\10.0.17134.0\ucrt\stdio.h(1585): note: see declaration of '_Result'
c:\program files (x86)\windows kits\10\include\10.0.17134.0\ucrt\stdio.h(1660): error C3861: '__local_stdio_printf_options': identifier not found
c:\program files (x86)\windows kits\10\include\10.0.17134.0\ucrt\stdio.h(1659): error C2789: '_Result': an object of const-qualified type must be initialized
  c:\program files (x86)\windows kits\10\include\10.0.17134.0\ucrt\stdio.h(1659): note: see declaration of '_Result'
c:\program files (x86)\windows kits\10\include\10.0.17134.0\ucrt\stdio.h(1691): error C3861: '__local_stdio_printf_options': identifier not found
c:\program files (x86)\windows kits\10\include\10.0.17134.0\ucrt\stdio.h(1690): error C2789: '_Result': an object of const-qualified type must be initialized
  c:\program files (x86)\windows kits\10\include\10.0.17134.0\ucrt\stdio.h(1690): note: see declaration of '_Result'
c:\program files (x86)\windows kits\10\include\10.0.17134.0\ucrt\stdio.h(1724): error C3861: '__local_stdio_printf_options': identifier not found
c:\program files (x86)\windows kits\10\include\10.0.17134.0\ucrt\stdio.h(1723): error C2789: '_Result': an object of const-qualified type must be initialized
  c:\program files (x86)\windows kits\10\include\10.0.17134.0\ucrt\stdio.h(1723): note: see declaration of '_Result'
c:\program files (x86)\windows kits\10\include\10.0.17134.0\ucrt\stdio.h(2177): error C3861: '__local_stdio_scanf_options': identifier not found
c:\program files (x86)\windows kits\10\include\10.0.17134.0\ucrt\stdio.h(2208): error C3861: '__local_stdio_scanf_options': identifier not found
c:\program files (x86)\windows kits\10\include\10.0.17134.0\ucrt\stdio.h(2345): error C3861: '__local_stdio_scanf_options': identifier not found
c:\program files (x86)\windows kits\10\include\10.0.17134.0\ucrt\stdio.h(2368): error C3861: '__local_stdio_scanf_options': identifier not found
c:\program files (x86)\windows kits\10\include\10.0.17134.0\ucrt\stdio.h(2393): error C3861: '__local_stdio_scanf_options': identifier not found
c:\program files (x86)\windows kits\10\include\10.0.17134.0\ucrt\stdio.h(2416): error C3861: '__local_stdio_scanf_options': identifier not found
c:\program files (x86)\windows kits\10\include\10.0.17134.0\ucrt\corecrt_wconio.h(95): error C3861: '__local_stdio_printf_options': identifier not found
c:\program files (x86)\windows kits\10\include\10.0.17134.0\ucrt\corecrt_wconio.h(122): error C3861: '__local_stdio_printf_options': identifier not found
c:\program files (x86)\windows kits\10\include\10.0.17134.0\ucrt\corecrt_wconio.h(149): error C3861: '__local_stdio_printf_options': identifier not found
c:\program files (x86)\windows kits\10\include\10.0.17134.0\ucrt\corecrt_wconio.h(297): error C3861: '__local_stdio_scanf_options': identifier not found
c:\program files (x86)\windows kits\10\include\10.0.17134.0\ucrt\corecrt_wconio.h(329): error C3861: '__local_stdio_scanf_options': identifier not found
c:\users\s189066\source\repos\finalmathlib\mathlibary\transform2d.h(12): error C2079: 'transform2d::localPos' uses undefined struct 'vec2'
c:\users\s189066\source\repos\finalmathlib\mathlibary\transform2d.h(14): error C2079: 'transform2d::localScale' uses undefined struct 'vec2'
c:\users\s189066\source\repos\finalmathlib\mathlibary\transform2d.h(39): error C2059: syntax error: '=='
c:\users\s189066\source\repos\finalmathlib\mathlibary\transform2d.h(47): error C2011: 'transform2d': 'struct' type redefinition
  c:\users\s189066\source\repos\finalmathlib\mathlibary\transform2d.h(9): note: see declaration of 'transform2d'
c:\users\s189066\source\repos\finalmathlib\mathlibary\transform2d.h(77): error C2059: syntax error: '>>'
c:\users\s189066\source\repos\finalmathlib\mathlibary\vec4.h(6): error C2143: syntax error: missing ';' before '{'
c:\users\s189066\source\repos\finalmathlib\mathlibary\vec4.h(6): error C2447: '{': missing function header (old-style formal list?)
c:\users\s189066\source\repos\finalmathlib\mathlibary\vec4.h(43): error C2059: syntax error: '=='
c:\users\s189066\source\repos\finalmathlib\mathlibary\vec4.h(48): error C2143: syntax error: missing ';' before '{'
c:\users\s189066\source\repos\finalmathlib\mathlibary\vec4.h(48): error C2447: '{': missing function header (old-style formal list?)
c:\users\s189066\source\repos\finalmathlib\mathlibary\vec4.h(85): error C2059: syntax error: '>>'
c:\users\s189066\source\repos\finalmathlib\mathlibary\mathutil.h(82): error C2059: syntax error: '=='
c:\users\s189066\source\repos\finalmathlib\mathlibary\mathutil.h(83): error C2014: preprocessor command must start as first nonwhite space
c:\users\s189066\source\repos\finalmathlib\mathlibary\mathutil.h(93): error C2143: syntax error: missing ';' before '{'
c:\users\s189066\source\repos\finalmathlib\mathlibary\mathutil.h(93): error C2447: '{': missing function header (old-style formal list?)
c:\users\s189066\source\repos\finalmathlib\mathlibary\mathutil.h(130): error C2995: 'bool assert(const char *,T,T)': function template has already been defined
  c:\users\s189066\source\repos\finalmathlib\mathlibary\mathutil.h(41): note: see declaration of 'assert'
c:\users\s189066\source\repos\finalmathlib\mathlibary\mathutil.h(150): error C2995: 'T lerp1(const T &,const T &,float)': function template has already been defined
  c:\users\s189066\source\repos\finalmathlib\mathlibary\mathutil.h(65): note: see declaration of 'lerp1'
c:\users\s189066\source\repos\finalmathlib\mathlibary\mathutil.h(157): error C2995: 'T lerp2(const T &,const T &,float)': function template has already been defined
  c:\users\s189066\source\repos\finalmathlib\mathlibary\mathutil.h(72): note: see declaration of 'lerp2'
c:\users\s189066\source\repos\finalmathlib\mathlibary\mathutil.h(163): error C2995: 'T lerp3(const T &,const T &,float)': function template has already been defined
  c:\users\s189066\source\repos\finalmathlib\mathlibary\mathutil.h(78): note: see declaration of 'lerp3'
c:\users\s189066\source\repos\finalmathlib\mathlibary\mathutil.h(164): error C2059: syntax error: '>>'
c:\users\s189066\source\repos\finalmathlib\mathlibary\transform2d.cpp(5): error C2027: use of undefined type 'transform2d'
  c:\users\s189066\source\repos\finalmathlib\mathlibary\transform2d.h(9): note: see declaration of 'transform2d'
c:\users\s189066\source\repos\finalmathlib\mathlibary\transform2d.cpp(6): error C2143: syntax error: missing ';' before '{'
c:\users\s189066\source\repos\finalmathlib\mathlibary\transform2d.cpp(6): error C2447: '{': missing function header (old-style formal list?)
c:\users\s189066\source\repos\finalmathlib\mathlibary\transform2d.cpp(13): error C2027: use of undefined type 'transform2d'
  c:\users\s189066\source\repos\finalmathlib\mathlibary\transform2d.h(9): note: see declaration of 'transform2d'
c:\users\s189066\source\repos\finalmathlib\mathlibary\transform2d.cpp(15): error C2065: 'localPos': undeclared identifier
c:\users\s189066\source\repos\finalmathlib\mathlibary\transform2d.cpp(18): error C2027: use of undefined type 'transform2d'
  c:\users\s189066\source\repos\finalmathlib\mathlibary\transform2d.h(9): note: see declaration of 'transform2d'
c:\users\s189066\source\repos\finalmathlib\mathlibary\transform2d.cpp(21): error C2065: 'localRot': undeclared identifier
c:\users\s189066\source\repos\finalmathlib\mathlibary\transform2d.cpp(24): error C2027: use of undefined type 'transform2d'
  c:\users\s189066\source\repos\finalmathlib\mathlibary\transform2d.h(9): note: see declaration of 'transform2d'
c:\users\s189066\source\repos\finalmathlib\mathlibary\transform2d.cpp(26): error C2079: 'r' uses undefined struct 'vec2'
c:\users\s189066\source\repos\finalmathlib\mathlibary\transform2d.cpp(26): error C2027: use of undefined type 'transform2d'
  c:\users\s189066\source\repos\finalmathlib\mathlibary\transform2d.h(9): note: see declaration of 'transform2d'
c:\users\s189066\source\repos\finalmathlib\mathlibary\transform2d.cpp(26): error C2228: left of '.localPos' must have class/struct/union
c:\users\s189066\source\repos\finalmathlib\mathlibary\transform2d.cpp(26): error C2065: 'localPos': undeclared identifier
c:\users\s189066\source\repos\finalmathlib\mathlibary\transform2d.cpp(28): error C2228: left of '.getNormalized' must have class/struct/union
c:\users\s189066\source\repos\finalmathlib\mathlibary\transform2d.cpp(28): fatal error C1003: error count exceeds 100; stopping compilation
  Utils.cpp
c:\users\s189066\source\repos\finalmathlib\mathlibary\vec2.h(69): error C2059: syntax error: '=='
c:\users\s189066\source\repos\finalmathlib\mathlibary\vec2.h(74): error C2011: 'vec2': 'struct' type redefinition
  c:\users\s189066\source\repos\finalmathlib\mathlibary\vec2.h(5): note: see declaration of 'vec2'
c:\users\s189066\source\repos\finalmathlib\mathlibary\vec2.h(138): error C2059: syntax error: '>>'
c:\users\s189066\source\repos\finalmathlib\mathlibary\vec3.h(42): error C2059: syntax error: '=='
c:\users\s189066\source\repos\finalmathlib\mathlibary\vec3.h(47): error C2011: 'vec3': 'class' type redefinition
  c:\users\s189066\source\repos\finalmathlib\mathlibary\vec3.h(5): note: see declaration of 'vec3'
c:\users\s189066\source\repos\finalmathlib\mathlibary\vec3.h(84): error C2059: syntax error: '>>'
c:\users\s189066\source\repos\finalmathlib\mathlibary\vec4.h(43): error C2059: syntax error: '=='
c:\users\s189066\source\repos\finalmathlib\mathlibary\vec4.h(48): error C2011: 'vec4': 'class' type redefinition
  c:\users\s189066\source\repos\finalmathlib\mathlibary\vec4.h(6): note: see declaration of 'vec4'
c:\users\s189066\source\repos\finalmathlib\mathlibary\vec4.h(85): error C2059: syntax error: '>>'
c:\users\s189066\source\repos\finalmathlib\mathlibary\mat3.h(10): error C2079: 'mat3::<unnamed-tag>::xAxis' uses undefined class 'vec3'
c:\users\s189066\source\repos\finalmathlib\mathlibary\mat3.h(11): error C2079: 'mat3::<unnamed-tag>::yAxis' uses undefined class 'vec3'
c:\users\s189066\source\repos\finalmathlib\mathlibary\mat3.h(12): error C2079: 'mat3::<unnamed-tag>::zAxis' uses undefined class 'vec3'
c:\users\s189066\source\repos\finalmathlib\mathlibary\mat3.h(14): error C2079: 'mat3::axis' uses undefined class 'vec3'
c:\program files (x86)\microsoft visual studio\2017\enterprise\vc\tools\msvc\14.14.26428\include\xstring_insert.h(17): error C2059: syntax error: 'namespace'
c:\program files (x86)\microsoft visual studio\2017\enterprise\vc\tools\msvc\14.14.26428\include\xstring_insert.h(17): error C2143: syntax error: missing ';' before '{'
c:\program files (x86)\microsoft visual studio\2017\enterprise\vc\tools\msvc\14.14.26428\include\xstring_insert.h(17): error C2447: '{': missing function header (old-style formal list?)
c:\users\s189066\source\repos\finalmathlib\mathlibary\mathutil.h(82): error C2059: syntax error: '=='
c:\users\s189066\source\repos\finalmathlib\mathlibary\mathutil.h(83): error C2014: preprocessor command must start as first nonwhite space
c:\users\s189066\source\repos\finalmathlib\mathlibary\mathutil.h(93): error C2143: syntax error: missing ';' before '{'
c:\users\s189066\source\repos\finalmathlib\mathlibary\mathutil.h(93): error C2447: '{': missing function header (old-style formal list?)
c:\users\s189066\source\repos\finalmathlib\mathlibary\mathutil.h(130): error C2995: 'bool assert(const char *,T,T)': function template has already been defined
  c:\users\s189066\source\repos\finalmathlib\mathlibary\mathutil.h(41): note: see declaration of 'assert'
c:\users\s189066\source\repos\finalmathlib\mathlibary\mathutil.h(150): error C2995: 'T lerp1(const T &,const T &,float)': function template has already been defined
  c:\users\s189066\source\repos\finalmathlib\mathlibary\mathutil.h(65): note: see declaration of 'lerp1'
c:\users\s189066\source\repos\finalmathlib\mathlibary\mathutil.h(157): error C2995: 'T lerp2(const T &,const T &,float)': function template has already been defined
  c:\users\s189066\source\repos\finalmathlib\mathlibary\mathutil.h(72): note: see declaration of 'lerp2'
c:\users\s189066\source\repos\finalmathlib\mathlibary\mathutil.h(163): error C2995: 'T lerp3(const T &,const T &,float)': function template has already been defined
  c:\users\s189066\source\repos\finalmathlib\mathlibary\mathutil.h(78): note: see declaration of 'lerp3'
c:\users\s189066\source\repos\finalmathlib\mathlibary\mathutil.h(164): error C2059: syntax error: '>>'
c:\users\s189066\source\repos\finalmathlib\mathlibary\utils.cpp(2): error C2143: syntax error: missing ';' before '{'
c:\users\s189066\source\repos\finalmathlib\mathlibary\utils.cpp(2): error C2447: '{': missing function header (old-style formal list?)
c:\users\s189066\source\repos\finalmathlib\mathlibary\utils.cpp(18): warning C4554: '&': check operator precedence for possible error; use parentheses to clarify precedence
c:\users\s189066\source\repos\finalmathlib\mathlibary\utils.cpp(21): warning C4554: '&': check operator precedence for possible error; use parentheses to clarify precedence
c:\users\s189066\source\repos\finalmathlib\mathlibary\utils.cpp(24): warning C4554: '&': check operator precedence for possible error; use parentheses to clarify precedence
c:\users\s189066\source\repos\finalmathlib\mathlibary\utils.cpp(137): error C2065: 'seed': undeclared identifier
c:\users\s189066\source\repos\finalmathlib\mathlibary\utils.cpp(144): error C2065: 'seed': undeclared identifier
c:\users\s189066\source\repos\finalmathlib\mathlibary\utils.cpp(146): error C2065: 'seed': undeclared identifier
c:\users\s189066\source\repos\finalmathlib\mathlibary\utils.cpp(151): error C2065: 'seed': undeclared identifier
c:\users\s189066\source\repos\finalmathlib\mathlibary\utils.cpp(158): error C2065: 'seed': undeclared identifier
c:\users\s189066\source\repos\finalmathlib\mathlibary\utils.cpp(170): error C2065: 'seed': undeclared identifier
c:\users\s189066\source\repos\finalmathlib\mathlibary\utils.cpp(175): error C2065: 'seed': undeclared identifier
  vec2.cpp
c:\users\s189066\source\repos\finalmathlib\mathlibary\vec2.h(69): error C2059: syntax error: '=='
c:\users\s189066\source\repos\finalmathlib\mathlibary\vec2.h(74): error C2011: 'vec2': 'struct' type redefinition
  c:\users\s189066\source\repos\finalmathlib\mathlibary\vec2.h(5): note: see declaration of 'vec2'
c:\users\s189066\source\repos\finalmathlib\mathlibary\vec2.h(138): error C2059: syntax error: '>>'
c:\users\s189066\source\repos\finalmathlib\mathlibary\vec3.h(42): error C2059: syntax error: '=='
c:\users\s189066\source\repos\finalmathlib\mathlibary\vec3.h(47): error C2011: 'vec3': 'class' type redefinition
  c:\users\s189066\source\repos\finalmathlib\mathlibary\vec3.h(5): note: see declaration of 'vec3'
c:\users\s189066\source\repos\finalmathlib\mathlibary\vec3.h(84): error C2059: syntax error: '>>'
c:\users\s189066\source\repos\finalmathlib\mathlibary\vec4.h(43): error C2059: syntax error: '=='
c:\users\s189066\source\repos\finalmathlib\mathlibary\vec4.h(48): error C2011: 'vec4': 'class' type redefinition
  c:\users\s189066\source\repos\finalmathlib\mathlibary\vec4.h(6): note: see declaration of 'vec4'
c:\users\s189066\source\repos\finalmathlib\mathlibary\vec4.h(85): error C2059: syntax error: '>>'
c:\users\s189066\source\repos\finalmathlib\mathlibary\mat3.h(10): error C2079: 'mat3::<unnamed-tag>::xAxis' uses undefined class 'vec3'
c:\users\s189066\source\repos\finalmathlib\mathlibary\mat3.h(11): error C2079: 'mat3::<unnamed-tag>::yAxis' uses undefined class 'vec3'
c:\users\s189066\source\repos\finalmathlib\mathlibary\mat3.h(12): error C2079: 'mat3::<unnamed-tag>::zAxis' uses undefined class 'vec3'
c:\users\s189066\source\repos\finalmathlib\mathlibary\mat3.h(14): error C2079: 'mat3::axis' uses undefined class 'vec3'
c:\program files (x86)\microsoft visual studio\2017\enterprise\vc\tools\msvc\14.14.26428\include\xstring_insert.h(17): error C2059: syntax error: 'namespace'
c:\program files (x86)\microsoft visual studio\2017\enterprise\vc\tools\msvc\14.14.26428\include\xstring_insert.h(17): error C2143: syntax error: missing ';' before '{'
c:\program files (x86)\microsoft visual studio\2017\enterprise\vc\tools\msvc\14.14.26428\include\xstring_insert.h(17): error C2447: '{': missing function header (old-style formal list?)
c:\users\s189066\source\repos\finalmathlib\mathlibary\mathutil.h(82): error C2059: syntax error: '=='
c:\users\s189066\source\repos\finalmathlib\mathlibary\mathutil.h(83): error C2014: preprocessor command must start as first nonwhite space
c:\users\s189066\source\repos\finalmathlib\mathlibary\mathutil.h(93): error C2143: syntax error: missing ';' before '{'
c:\users\s189066\source\repos\finalmathlib\mathlibary\mathutil.h(93): error C2447: '{': missing function header (old-style formal list?)
c:\users\s189066\source\repos\finalmathlib\mathlibary\mathutil.h(130): error C2995: 'bool assert(const char *,T,T)': function template has already been defined
  c:\users\s189066\source\repos\finalmathlib\mathlibary\mathutil.h(41): note: see declaration of 'assert'
c:\users\s189066\source\repos\finalmathlib\mathlibary\mathutil.h(150): error C2995: 'T lerp1(const T &,const T &,float)': function template has already been defined
  c:\users\s189066\source\repos\finalmathlib\mathlibary\mathutil.h(65): note: see declaration of 'lerp1'
c:\users\s189066\source\repos\finalmathlib\mathlibary\mathutil.h(157): error C2995: 'T lerp2(const T &,const T &,float)': function template has already been defined
  c:\users\s189066\source\repos\finalmathlib\mathlibary\mathutil.h(72): note: see declaration of 'lerp2'
c:\users\s189066\source\repos\finalmathlib\mathlibary\mathutil.h(163): error C2995: 'T lerp3(const T &,const T &,float)': function template has already been defined
  c:\users\s189066\source\repos\finalmathlib\mathlibary\mathutil.h(78): note: see declaration of 'lerp3'
c:\users\s189066\source\repos\finalmathlib\mathlibary\mathutil.h(164): error C2059: syntax error: '>>'
c:\users\s189066\source\repos\finalmathlib\mathlibary\vec2.cpp(3): error C2027: use of undefined type 'vec2'
  c:\users\s189066\source\repos\finalmathlib\mathlibary\vec2.h(5): note: see declaration of 'vec2'
c:\users\s189066\source\repos\finalmathlib\mathlibary\vec2.cpp(4): error C2143: syntax error: missing ';' before '{'
c:\users\s189066\source\repos\finalmathlib\mathlibary\vec2.cpp(4): error C2447: '{': missing function header (old-style formal list?)
c:\users\s189066\source\repos\finalmathlib\mathlibary\vec2.cpp(7): error C2027: use of undefined type 'vec2'
  c:\users\s189066\source\repos\finalmathlib\mathlibary\vec2.h(5): note: see declaration of 'vec2'
c:\users\s189066\source\repos\finalmathlib\mathlibary\vec2.cpp(8): error C4430: missing type specifier - int assumed. Note: C++ does not support default-int
c:\users\s189066\source\repos\finalmathlib\mathlibary\vec2.cpp(9): error C2355: 'this': can only be referenced inside non-static member functions or non-static data member initializers
c:\users\s189066\source\repos\finalmathlib\mathlibary\vec2.cpp(9): error C2227: left of '->x' must point to class/struct/union/generic type
c:\users\s189066\source\repos\finalmathlib\mathlibary\vec2.cpp(10): error C2355: 'this': can only be referenced inside non-static member functions or non-static data member initializers
c:\users\s189066\source\repos\finalmathlib\mathlibary\vec2.cpp(10): error C2227: left of '->y' must point to class/struct/union/generic type
c:\users\s189066\source\repos\finalmathlib\mathlibary\vec2.cpp(11): warning C4508: '{ctor}': function should return a value; 'void' return type assumed
c:\users\s189066\source\repos\finalmathlib\mathlibary\vec2.cpp(13): error C2027: use of undefined type 'vec2'
  c:\users\s189066\source\repos\finalmathlib\mathlibary\vec2.h(5): note: see declaration of 'vec2'
c:\users\s189066\source\repos\finalmathlib\mathlibary\vec2.cpp(14): error C2270: '+': modifiers not allowed on nonmember functions
c:\users\s189066\source\repos\finalmathlib\mathlibary\vec2.cpp(14): error C2027: use of undefined type 'vec2'
  c:\users\s189066\source\repos\finalmathlib\mathlibary\vec2.h(5): note: see declaration of 'vec2'
c:\users\s189066\source\repos\finalmathlib\mathlibary\vec2.cpp(15): error C2065: 'x': undeclared identifier
c:\users\s189066\source\repos\finalmathlib\mathlibary\vec2.cpp(15): error C2027: use of undefined type 'vec2'
  c:\users\s189066\source\repos\finalmathlib\mathlibary\vec2.h(5): note: see declaration of 'vec2'
c:\users\s189066\source\repos\finalmathlib\mathlibary\vec2.cpp(15): error C2228: left of '.x' must have class/struct/union
c:\users\s189066\source\repos\finalmathlib\mathlibary\vec2.cpp(15): error C2065: 'y': undeclared identifier
c:\users\s189066\source\repos\finalmathlib\mathlibary\vec2.cpp(15): error C2228: left of '.y' must have class/struct/union
c:\users\s189066\source\repos\finalmathlib\mathlibary\vec2.cpp(19): error C2027: use of undefined type 'vec2'
  c:\users\s189066\source\repos\finalmathlib\mathlibary\vec2.h(5): note: see declaration of 'vec2'
c:\users\s189066\source\repos\finalmathlib\mathlibary\vec2.cpp(20): error C2270: '-': modifiers not allowed on nonmember functions
c:\users\s189066\source\repos\finalmathlib\mathlibary\vec2.cpp(20): error C2027: use of undefined type 'vec2'
  c:\users\s189066\source\repos\finalmathlib\mathlibary\vec2.h(5): note: see declaration of 'vec2'
c:\users\s189066\source\repos\finalmathlib\mathlibary\vec2.cpp(21): error C2065: 'x': undeclared identifier
c:\users\s189066\source\repos\finalmathlib\mathlibary\vec2.cpp(21): error C2027: use of undefined type 'vec2'
  c:\users\s189066\source\repos\finalmathlib\mathlibary\vec2.h(5): note: see declaration of 'vec2'
c:\users\s189066\source\repos\finalmathlib\mathlibary\vec2.cpp(21): error C2228: left of '.x' must have class/struct/union
c:\users\s189066\source\repos\finalmathlib\mathlibary\vec2.cpp(21): error C2065: 'y': undeclared identifier
c:\users\s189066\source\repos\finalmathlib\mathlibary\vec2.cpp(21): error C2228: left of '.y' must have class/struct/union
c:\users\s189066\source\repos\finalmathlib\mathlibary\vec2.cpp(24): error C2027: use of undefined type 'vec2'
  c:\users\s189066\source\repos\finalmathlib\mathlibary\vec2.h(5): note: see declaration of 'vec2'
c:\users\s189066\source\repos\finalmathlib\mathlibary\vec2.cpp(27): error C2065: 'x': undeclared identifier
c:\users\s189066\source\repos\finalmathlib\mathlibary\vec2.cpp(27): error C2027: use of undefined type 'vec2'
  c:\users\s189066\source\repos\finalmathlib\mathlibary\vec2.h(5): note: see declaration of 'vec2'
c:\users\s189066\source\repos\finalmathlib\mathlibary\vec2.cpp(27): error C2228: left of '.x' must have class/struct/union
c:\users\s189066\source\repos\finalmathlib\mathlibary\vec2.cpp(28): error C2065: 'y': undeclared identifier
c:\users\s189066\source\repos\finalmathlib\mathlibary\vec2.cpp(28): error C2027: use of undefined type 'vec2'
  c:\users\s189066\source\repos\finalmathlib\mathlibary\vec2.h(5): note: see declaration of 'vec2'
c:\users\s189066\source\repos\finalmathlib\mathlibary\vec2.cpp(28): error C2228: left of '.y' must have class/struct/union
c:\users\s189066\source\repos\finalmathlib\mathlibary\vec2.cpp(30): error C2355: 'this': can only be referenced inside non-static member functions or non-static data member initializers
c:\users\s189066\source\repos\finalmathlib\mathlibary\vec2.cpp(33): error C2027: use of undefined type 'vec2'
  c:\users\s189066\source\repos\finalmathlib\mathlibary\vec2.h(5): note: see declaration of 'vec2'
c:\users\s189066\source\repos\finalmathlib\mathlibary\vec2.cpp(36): error C2065: 'x': undeclared identifier
c:\users\s189066\source\repos\finalmathlib\mathlibary\vec2.cpp(36): error C2027: use of undefined type 'vec2'
  c:\users\s189066\source\repos\finalmathlib\mathlibary\vec2.h(5): note: see declaration of 'vec2'
c:\users\s189066\source\repos\finalmathlib\mathlibary\vec2.cpp(36): error C2228: left of '.x' must have class/struct/union
c:\users\s189066\source\repos\finalmathlib\mathlibary\vec2.cpp(37): error C2065: 'y': undeclared identifier
c:\users\s189066\source\repos\finalmathlib\mathlibary\vec2.cpp(37): error C2027: use of undefined type 'vec2'
  c:\users\s189066\source\repos\finalmathlib\mathlibary\vec2.h(5): note: see declaration of 'vec2'
c:\users\s189066\source\repos\finalmathlib\mathlibary\vec2.cpp(37): error C2228: left of '.y' must have class/struct/union
c:\users\s189066\source\repos\finalmathlib\mathlibary\vec2.cpp(39): error C2355: 'this': can only be referenced inside non-static member functions or non-static data member initializers
c:\users\s189066\source\repos\finalmathlib\mathlibary\vec2.cpp(42): error C2027: use of undefined type 'vec2'
  c:\users\s189066\source\repos\finalmathlib\mathlibary\vec2.h(5): note: see declaration of 'vec2'
c:\users\s189066\source\repos\finalmathlib\mathlibary\vec2.cpp(43): error C2270: '==': modifiers not allowed on nonmember functions
c:\users\s189066\source\repos\finalmathlib\mathlibary\vec2.cpp(44): error C2065: 'x': undeclared identifier
c:\users\s189066\source\repos\finalmathlib\mathlibary\vec2.cpp(44): error C2027: use of undefined type 'vec2'
  c:\users\s189066\source\repos\finalmathlib\mathlibary\vec2.h(5): note: see declaration of 'vec2'
c:\users\s189066\source\repos\finalmathlib\mathlibary\vec2.cpp(44): error C2228: left of '.x' must have class/struct/union
c:\users\s189066\source\repos\finalmathlib\mathlibary\vec2.cpp(45): error C2065: 'y': undeclared identifier
c:\users\s189066\source\repos\finalmathlib\mathlibary\vec2.cpp(45): error C2027: use of undefined type 'vec2'
  c:\users\s189066\source\repos\finalmathlib\mathlibary\vec2.h(5): note: see declaration of 'vec2'
c:\users\s189066\source\repos\finalmathlib\mathlibary\vec2.cpp(45): error C2228: left of '.y' must have class/struct/union
c:\users\s189066\source\repos\finalmathlib\mathlibary\vec2.cpp(51): error C2027: use of undefined type 'vec2'
  c:\users\s189066\source\repos\finalmathlib\mathlibary\vec2.h(5): note: see declaration of 'vec2'
c:\users\s189066\source\repos\finalmathlib\mathlibary\vec2.cpp(52): error C2270: '!=': modifiers not allowed on nonmember functions
c:\users\s189066\source\repos\finalmathlib\mathlibary\vec2.cpp(53): error C2065: 'x': undeclared identifier
c:\users\s189066\source\repos\finalmathlib\mathlibary\vec2.cpp(53): error C2027: use of undefined type 'vec2'
  c:\users\s189066\source\repos\finalmathlib\mathlibary\vec2.h(5): note: see declaration of 'vec2'
c:\users\s189066\source\repos\finalmathlib\mathlibary\vec2.cpp(53): error C2228: left of '.x' must have class/struct/union
c:\users\s189066\source\repos\finalmathlib\mathlibary\vec2.cpp(54): error C2065: 'y': undeclared identifier
c:\users\s189066\source\repos\finalmathlib\mathlibary\vec2.cpp(54): error C2027: use of undefined type 'vec2'
  c:\users\s189066\source\repos\finalmathlib\mathlibary\vec2.h(5): note: see declaration of 'vec2'
c:\users\s189066\source\repos\finalmathlib\mathlibary\vec2.cpp(54): error C2228: left of '.y' must have class/struct/union
c:\users\s189066\source\repos\finalmathlib\mathlibary\vec2.cpp(60): error C2027: use of undefined type 'vec2'
  c:\users\s189066\source\repos\finalmathlib\mathlibary\vec2.h(5): note: see declaration of 'vec2'
c:\users\s189066\source\repos\finalmathlib\mathlibary\vec2.cpp(61): error C2270: '-': modifiers not allowed on nonmember functions
c:\users\s189066\source\repos\finalmathlib\mathlibary\vec2.cpp(61): error C2027: use of undefined type 'vec2'
  c:\users\s189066\source\repos\finalmathlib\mathlibary\vec2.h(5): note: see declaration of 'vec2'
c:\users\s189066\source\repos\finalmathlib\mathlibary\vec2.cpp(62): error C2079: 'neg2' uses undefined struct 'vec2'
c:\users\s189066\source\repos\finalmathlib\mathlibary\vec2.cpp(63): error C2228: left of '.x' must have class/struct/union
  c:\users\s189066\source\repos\finalmathlib\mathlibary\vec2.cpp(63): note: type is 'int'
c:\users\s189066\source\repos\finalmathlib\mathlibary\vec2.cpp(63): error C2065: 'x': undeclared identifier
c:\users\s189066\source\repos\finalmathlib\mathlibary\vec2.cpp(64): error C2228: left of '.y' must have class/struct/union
  c:\users\s189066\source\repos\finalmathlib\mathlibary\vec2.cpp(64): note: type is 'int'
c:\users\s189066\source\repos\finalmathlib\mathlibary\vec2.cpp(64): error C2065: 'y': undeclared identifier
c:\users\s189066\source\repos\finalmathlib\mathlibary\vec2.cpp(68): error C2027: use of undefined type 'vec2'
  c:\users\s189066\source\repos\finalmathlib\mathlibary\vec2.h(5): note: see declaration of 'vec2'
c:\users\s189066\source\repos\finalmathlib\mathlibary\vec2.cpp(69): error C4430: missing type specifier - int assumed. Note: C++ does not support default-int
c:\users\s189066\source\repos\finalmathlib\mathlibary\vec2.cpp(70): error C2065: 'x': undeclared identifier
c:\users\s189066\source\repos\finalmathlib\mathlibary\vec2.cpp(73): error C2027: use of undefined type 'vec2'
  c:\users\s189066\source\repos\finalmathlib\mathlibary\vec2.h(5): note: see declaration of 'vec2'
c:\users\s189066\source\repos\finalmathlib\mathlibary\vec2.cpp(74): error C2270: '$S2': modifiers not allowed on nonmember functions
c:\users\s189066\source\repos\finalmathlib\mathlibary\vec2.cpp(74): error C4430: missing type specifier - int assumed. Note: C++ does not support default-int
c:\users\s189066\source\repos\finalmathlib\mathlibary\vec2.cpp(75): error C2065: 'x': undeclared identifier
c:\users\s189066\source\repos\finalmathlib\mathlibary\vec2.cpp(78): error C2027: use of undefined type 'vec2'
  c:\users\s189066\source\repos\finalmathlib\mathlibary\vec2.h(5): note: see declaration of 'vec2'
c:\users\s189066\source\repos\finalmathlib\mathlibary\vec2.cpp(79): error C2270: 'magnitude': modifiers not allowed on nonmember functions
c:\users\s189066\source\repos\finalmathlib\mathlibary\vec2.cpp(80): error C2065: 'x': undeclared identifier
c:\users\s189066\source\repos\finalmathlib\mathlibary\vec2.cpp(80): error C2065: 'y': undeclared identifier
c:\users\s189066\source\repos\finalmathlib\mathlibary\vec2.cpp(84): error C2027: use of undefined type 'vec2'
  c:\users\s189066\source\repos\finalmathlib\mathlibary\vec2.h(5): note: see declaration of 'vec2'
c:\users\s189066\source\repos\finalmathlib\mathlibary\vec2.cpp(87): error C2065: 'x': undeclared identifier
c:\users\s189066\source\repos\finalmathlib\mathlibary\vec2.cpp(88): error C2065: 'y': undeclared identifier
c:\users\s189066\source\repos\finalmathlib\mathlibary\vec2.cpp(88): fatal error C1003: error count exceeds 100; stopping compilation
  vec3.cpp
c:\users\s189066\source\repos\finalmathlib\mathlibary\vec3.h(42): error C2059: syntax error: '=='
c:\users\s189066\source\repos\finalmathlib\mathlibary\vec3.h(47): error C2011: 'vec3': 'class' type redefinition
  c:\users\s189066\source\repos\finalmathlib\mathlibary\vec3.h(5): note: see declaration of 'vec3'
c:\users\s189066\source\repos\finalmathlib\mathlibary\vec3.h(84): error C2059: syntax error: '>>'
c:\users\s189066\source\repos\finalmathlib\mathlibary\vec3.cpp(3): error C2027: use of undefined type 'vec3'
  c:\users\s189066\source\repos\finalmathlib\mathlibary\vec3.h(5): note: see declaration of 'vec3'
c:\users\s189066\source\repos\finalmathlib\mathlibary\vec3.cpp(4): error C4430: missing type specifier - int assumed. Note: C++ does not support default-int
c:\users\s189066\source\repos\finalmathlib\mathlibary\vec3.cpp(5): warning C4508: '{ctor}': function should return a value; 'void' return type assumed
c:\users\s189066\source\repos\finalmathlib\mathlibary\vec3.cpp(7): error C2027: use of undefined type 'vec3'
  c:\users\s189066\source\repos\finalmathlib\mathlibary\vec3.h(5): note: see declaration of 'vec3'
c:\users\s189066\source\repos\finalmathlib\mathlibary\vec3.cpp(8): error C4430: missing type specifier - int assumed. Note: C++ does not support default-int
c:\users\s189066\source\repos\finalmathlib\mathlibary\vec3.cpp(9): error C2355: 'this': can only be referenced inside non-static member functions or non-static data member initializers
c:\users\s189066\source\repos\finalmathlib\mathlibary\vec3.cpp(9): error C2227: left of '->x' must point to class/struct/union/generic type
c:\users\s189066\source\repos\finalmathlib\mathlibary\vec3.cpp(10): error C2355: 'this': can only be referenced inside non-static member functions or non-static data member initializers
c:\users\s189066\source\repos\finalmathlib\mathlibary\vec3.cpp(10): error C2227: left of '->y' must point to class/struct/union/generic type
c:\users\s189066\source\repos\finalmathlib\mathlibary\vec3.cpp(11): error C2355: 'this': can only be referenced inside non-static member functions or non-static data member initializers
c:\users\s189066\source\repos\finalmathlib\mathlibary\vec3.cpp(11): error C2227: left of '->z' must point to class/struct/union/generic type
c:\users\s189066\source\repos\finalmathlib\mathlibary\vec3.cpp(12): warning C4508: '{ctor}': function should return a value; 'void' return type assumed
c:\users\s189066\source\repos\finalmathlib\mathlibary\vec3.cpp(14): error C2027: use of undefined type 'vec3'
  c:\users\s189066\source\repos\finalmathlib\mathlibary\vec3.h(5): note: see declaration of 'vec3'
c:\users\s189066\source\repos\finalmathlib\mathlibary\vec3.cpp(15): error C2270: '+': modifiers not allowed on nonmember functions
c:\users\s189066\source\repos\finalmathlib\mathlibary\vec3.cpp(15): error C2027: use of undefined type 'vec3'
  c:\users\s189066\source\repos\finalmathlib\mathlibary\vec3.h(5): note: see declaration of 'vec3'
c:\users\s189066\source\repos\finalmathlib\mathlibary\vec3.cpp(16): error C2079: 'v3' uses undefined class 'vec3'
c:\users\s189066\source\repos\finalmathlib\mathlibary\vec3.cpp(17): error C2228: left of '.x' must have class/struct/union
  c:\users\s189066\source\repos\finalmathlib\mathlibary\vec3.cpp(17): note: type is 'int'
c:\users\s189066\source\repos\finalmathlib\mathlibary\vec3.cpp(17): error C2065: 'x': undeclared identifier
c:\users\s189066\source\repos\finalmathlib\mathlibary\vec3.cpp(17): error C2027: use of undefined type 'vec3'
  c:\users\s189066\source\repos\finalmathlib\mathlibary\vec3.h(5): note: see declaration of 'vec3'
c:\users\s189066\source\repos\finalmathlib\mathlibary\vec3.cpp(18): error C2228: left of '.y' must have class/struct/union
  c:\users\s189066\source\repos\finalmathlib\mathlibary\vec3.cpp(18): note: type is 'int'
c:\users\s189066\source\repos\finalmathlib\mathlibary\vec3.cpp(18): error C2065: 'y': undeclared identifier
c:\users\s189066\source\repos\finalmathlib\mathlibary\vec3.cpp(18): error C2027: use of undefined type 'vec3'
  c:\users\s189066\source\repos\finalmathlib\mathlibary\vec3.h(5): note: see declaration of 'vec3'
c:\users\s189066\source\repos\finalmathlib\mathlibary\vec3.cpp(19): error C2228: left of '.z' must have class/struct/union
  c:\users\s189066\source\repos\finalmathlib\mathlibary\vec3.cpp(19): note: type is 'int'
c:\users\s189066\source\repos\finalmathlib\mathlibary\vec3.cpp(19): error C2065: 'z': undeclared identifier
c:\users\s189066\source\repos\finalmathlib\mathlibary\vec3.cpp(19): error C2027: use of undefined type 'vec3'
  c:\users\s189066\source\repos\finalmathlib\mathlibary\vec3.h(5): note: see declaration of 'vec3'
c:\users\s189066\source\repos\finalmathlib\mathlibary\vec3.cpp(24): error C2027: use of undefined type 'vec3'
  c:\users\s189066\source\repos\finalmathlib\mathlibary\vec3.h(5): note: see declaration of 'vec3'
c:\users\s189066\source\repos\finalmathlib\mathlibary\vec3.cpp(25): error C2270: '-': modifiers not allowed on nonmember functions
c:\users\s189066\source\repos\finalmathlib\mathlibary\vec3.cpp(25): error C2027: use of undefined type 'vec3'
  c:\users\s189066\source\repos\finalmathlib\mathlibary\vec3.h(5): note: see declaration of 'vec3'
c:\users\s189066\source\repos\finalmathlib\mathlibary\vec3.cpp(26): error C2079: 'v3' uses undefined class 'vec3'
c:\users\s189066\source\repos\finalmathlib\mathlibary\vec3.cpp(27): error C2228: left of '.x' must have class/struct/union
  c:\users\s189066\source\repos\finalmathlib\mathlibary\vec3.cpp(27): note: type is 'int'
c:\users\s189066\source\repos\finalmathlib\mathlibary\vec3.cpp(27): error C2065: 'x': undeclared identifier
c:\users\s189066\source\repos\finalmathlib\mathlibary\vec3.cpp(27): error C2027: use of undefined type 'vec3'
  c:\users\s189066\source\repos\finalmathlib\mathlibary\vec3.h(5): note: see declaration of 'vec3'
c:\users\s189066\source\repos\finalmathlib\mathlibary\vec3.cpp(28): error C2228: left of '.y' must have class/struct/union
  c:\users\s189066\source\repos\finalmathlib\mathlibary\vec3.cpp(28): note: type is 'int'
c:\users\s189066\source\repos\finalmathlib\mathlibary\vec3.cpp(28): error C2065: 'y': undeclared identifier
c:\users\s189066\source\repos\finalmathlib\mathlibary\vec3.cpp(28): error C2027: use of undefined type 'vec3'
  c:\users\s189066\source\repos\finalmathlib\mathlibary\vec3.h(5): note: see declaration of 'vec3'
c:\users\s189066\source\repos\finalmathlib\mathlibary\vec3.cpp(29): error C2228: left of '.z' must have class/struct/union
  c:\users\s189066\source\repos\finalmathlib\mathlibary\vec3.cpp(29): note: type is 'int'
c:\users\s189066\source\repos\finalmathlib\mathlibary\vec3.cpp(29): error C2065: 'z': undeclared identifier
c:\users\s189066\source\repos\finalmathlib\mathlibary\vec3.cpp(29): error C2027: use of undefined type 'vec3'
  c:\users\s189066\source\repos\finalmathlib\mathlibary\vec3.h(5): note: see declaration of 'vec3'
c:\users\s189066\source\repos\finalmathlib\mathlibary\vec3.cpp(34): error C2027: use of undefined type 'vec3'
  c:\users\s189066\source\repos\finalmathlib\mathlibary\vec3.h(5): note: see declaration of 'vec3'
c:\users\s189066\source\repos\finalmathlib\mathlibary\vec3.cpp(36): error C2079: 'v3' uses undefined class 'vec3'
c:\users\s189066\source\repos\finalmathlib\mathlibary\vec3.cpp(37): error C2228: left of '.x' must have class/struct/union
  c:\users\s189066\source\repos\finalmathlib\mathlibary\vec3.cpp(37): note: type is 'int'
c:\users\s189066\source\repos\finalmathlib\mathlibary\vec3.cpp(37): error C2065: 'x': undeclared identifier
c:\users\s189066\source\repos\finalmathlib\mathlibary\vec3.cpp(37): error C2027: use of undefined type 'vec3'
  c:\users\s189066\source\repos\finalmathlib\mathlibary\vec3.h(5): note: see declaration of 'vec3'
c:\users\s189066\source\repos\finalmathlib\mathlibary\vec3.cpp(38): error C2228: left of '.y' must have class/struct/union
  c:\users\s189066\source\repos\finalmathlib\mathlibary\vec3.cpp(38): note: type is 'int'
c:\users\s189066\source\repos\finalmathlib\mathlibary\vec3.cpp(38): error C2065: 'y': undeclared identifier
c:\users\s189066\source\repos\finalmathlib\mathlibary\vec3.cpp(38): error C2027: use of undefined type 'vec3'
  c:\users\s189066\source\repos\finalmathlib\mathlibary\vec3.h(5): note: see declaration of 'vec3'
c:\users\s189066\source\repos\finalmathlib\mathlibary\vec3.cpp(39): error C2228: left of '.z' must have class/struct/union
  c:\users\s189066\source\repos\finalmathlib\mathlibary\vec3.cpp(39): note: type is 'int'
c:\users\s189066\source\repos\finalmathlib\mathlibary\vec3.cpp(39): error C2065: 'z': undeclared identifier
c:\users\s189066\source\repos\finalmathlib\mathlibary\vec3.cpp(39): error C2027: use of undefined type 'vec3'
  c:\users\s189066\source\repos\finalmathlib\mathlibary\vec3.h(5): note: see declaration of 'vec3'
c:\users\s189066\source\repos\finalmathlib\mathlibary\vec3.cpp(41): error C2440: 'return': cannot convert from 'int' to 'vec3 &'
c:\users\s189066\source\repos\finalmathlib\mathlibary\vec3.cpp(44): error C2027: use of undefined type 'vec3'
  c:\users\s189066\source\repos\finalmathlib\mathlibary\vec3.h(5): note: see declaration of 'vec3'
c:\users\s189066\source\repos\finalmathlib\mathlibary\vec3.cpp(46): error C2079: 'v3' uses undefined class 'vec3'
c:\users\s189066\source\repos\finalmathlib\mathlibary\vec3.cpp(47): error C2228: left of '.x' must have class/struct/union
  c:\users\s189066\source\repos\finalmathlib\mathlibary\vec3.cpp(47): note: type is 'int'
c:\users\s189066\source\repos\finalmathlib\mathlibary\vec3.cpp(47): error C2065: 'x': undeclared identifier
c:\users\s189066\source\repos\finalmathlib\mathlibary\vec3.cpp(47): error C2027: use of undefined type 'vec3'
  c:\users\s189066\source\repos\finalmathlib\mathlibary\vec3.h(5): note: see declaration of 'vec3'
c:\users\s189066\source\repos\finalmathlib\mathlibary\vec3.cpp(48): error C2228: left of '.y' must have class/struct/union
  c:\users\s189066\source\repos\finalmathlib\mathlibary\vec3.cpp(48): note: type is 'int'
c:\users\s189066\source\repos\finalmathlib\mathlibary\vec3.cpp(48): error C2065: 'y': undeclared identifier
c:\users\s189066\source\repos\finalmathlib\mathlibary\vec3.cpp(48): error C2027: use of undefined type 'vec3'
  c:\users\s189066\source\repos\finalmathlib\mathlibary\vec3.h(5): note: see declaration of 'vec3'
c:\users\s189066\source\repos\finalmathlib\mathlibary\vec3.cpp(49): error C2228: left of '.z' must have class/struct/union
  c:\users\s189066\source\repos\finalmathlib\mathlibary\vec3.cpp(49): note: type is 'int'
c:\users\s189066\source\repos\finalmathlib\mathlibary\vec3.cpp(49): error C2065: 'z': undeclared identifier
c:\users\s189066\source\repos\finalmathlib\mathlibary\vec3.cpp(49): error C2027: use of undefined type 'vec3'
  c:\users\s189066\source\repos\finalmathlib\mathlibary\vec3.h(5): note: see declaration of 'vec3'
c:\users\s189066\source\repos\finalmathlib\mathlibary\vec3.cpp(51): error C2440: 'return': cannot convert from 'int' to 'vec3 &'
c:\users\s189066\source\repos\finalmathlib\mathlibary\vec3.cpp(54): error C2027: use of undefined type 'vec3'
  c:\users\s189066\source\repos\finalmathlib\mathlibary\vec3.h(5): note: see declaration of 'vec3'
c:\users\s189066\source\repos\finalmathlib\mathlibary\vec3.cpp(55): error C2270: '==': modifiers not allowed on nonmember functions
c:\users\s189066\source\repos\finalmathlib\mathlibary\vec3.cpp(57): error C2079: 'temp' uses undefined class 'vec3'
c:\users\s189066\source\repos\finalmathlib\mathlibary\vec3.cpp(58): error C2228: left of '.x' must have class/struct/union
  c:\users\s189066\source\repos\finalmathlib\mathlibary\vec3.cpp(58): note: type is 'int'
c:\users\s189066\source\repos\finalmathlib\mathlibary\vec3.cpp(58): error C2065: 'x': undeclared identifier
c:\users\s189066\source\repos\finalmathlib\mathlibary\vec3.cpp(58): error C2027: use of undefined type 'vec3'
  c:\users\s189066\source\repos\finalmathlib\mathlibary\vec3.h(5): note: see declaration of 'vec3'
c:\users\s189066\source\repos\finalmathlib\mathlibary\vec3.cpp(59): error C2228: left of '.y' must have class/struct/union
  c:\users\s189066\source\repos\finalmathlib\mathlibary\vec3.cpp(59): note: type is 'int'
c:\users\s189066\source\repos\finalmathlib\mathlibary\vec3.cpp(59): error C2065: 'y': undeclared identifier
c:\users\s189066\source\repos\finalmathlib\mathlibary\vec3.cpp(59): error C2027: use of undefined type 'vec3'
  c:\users\s189066\source\repos\finalmathlib\mathlibary\vec3.h(5): note: see declaration of 'vec3'
c:\users\s189066\source\repos\finalmathlib\mathlibary\vec3.cpp(60): error C2228: left of '.z' must have class/struct/union
  c:\users\s189066\source\repos\finalmathlib\mathlibary\vec3.cpp(60): note: type is 'int'
c:\users\s189066\source\repos\finalmathlib\mathlibary\vec3.cpp(60): error C2065: 'z': undeclared identifier
c:\users\s189066\source\repos\finalmathlib\mathlibary\vec3.cpp(60): error C2027: use of undefined type 'vec3'
  c:\users\s189066\source\repos\finalmathlib\mathlibary\vec3.h(5): note: see declaration of 'vec3'
c:\users\s189066\source\repos\finalmathlib\mathlibary\vec3.cpp(62): error C2228: left of '.x' must have class/struct/union
  c:\users\s189066\source\repos\finalmathlib\mathlibary\vec3.cpp(62): note: type is 'int'
c:\users\s189066\source\repos\finalmathlib\mathlibary\vec3.cpp(62): error C2228: left of '.y' must have class/struct/union
  c:\users\s189066\source\repos\finalmathlib\mathlibary\vec3.cpp(62): note: type is 'int'
c:\users\s189066\source\repos\finalmathlib\mathlibary\vec3.cpp(62): error C2228: left of '.z' must have class/struct/union
  c:\users\s189066\source\repos\finalmathlib\mathlibary\vec3.cpp(62): note: type is 'int'
c:\users\s189066\source\repos\finalmathlib\mathlibary\vec3.cpp(68): error C2027: use of undefined type 'vec3'
  c:\users\s189066\source\repos\finalmathlib\mathlibary\vec3.h(5): note: see declaration of 'vec3'
c:\users\s189066\source\repos\finalmathlib\mathlibary\vec3.cpp(69): error C2270: '!=': modifiers not allowed on nonmember functions
c:\users\s189066\source\repos\finalmathlib\mathlibary\vec3.cpp(70): error C2079: 'temp' uses undefined class 'vec3'
c:\users\s189066\source\repos\finalmathlib\mathlibary\vec3.cpp(71): error C2228: left of '.x' must have class/struct/union
  c:\users\s189066\source\repos\finalmathlib\mathlibary\vec3.cpp(71): note: type is 'int'
c:\users\s189066\source\repos\finalmathlib\mathlibary\vec3.cpp(71): error C2065: 'x': undeclared identifier
c:\users\s189066\source\repos\finalmathlib\mathlibary\vec3.cpp(71): error C2027: use of undefined type 'vec3'
  c:\users\s189066\source\repos\finalmathlib\mathlibary\vec3.h(5): note: see declaration of 'vec3'
c:\users\s189066\source\repos\finalmathlib\mathlibary\vec3.cpp(72): error C2228: left of '.y' must have class/struct/union
  c:\users\s189066\source\repos\finalmathlib\mathlibary\vec3.cpp(72): note: type is 'int'
c:\users\s189066\source\repos\finalmathlib\mathlibary\vec3.cpp(72): error C2065: 'y': undeclared identifier
c:\users\s189066\source\repos\finalmathlib\mathlibary\vec3.cpp(72): error C2027: use of undefined type 'vec3'
  c:\users\s189066\source\repos\finalmathlib\mathlibary\vec3.h(5): note: see declaration of 'vec3'
c:\users\s189066\source\repos\finalmathlib\mathlibary\vec3.cpp(73): error C2228: left of '.z' must have class/struct/union
  c:\users\s189066\source\repos\finalmathlib\mathlibary\vec3.cpp(73): note: type is 'int'
c:\users\s189066\source\repos\finalmathlib\mathlibary\vec3.cpp(73): error C2065: 'z': undeclared identifier
c:\users\s189066\source\repos\finalmathlib\mathlibary\vec3.cpp(73): error C2027: use of undefined type 'vec3'
  c:\users\s189066\source\repos\finalmathlib\mathlibary\vec3.h(5): note: see declaration of 'vec3'
c:\users\s189066\source\repos\finalmathlib\mathlibary\vec3.cpp(75): error C2228: left of '.x' must have class/struct/union
  c:\users\s189066\source\repos\finalmathlib\mathlibary\vec3.cpp(75): note: type is 'int'
c:\users\s189066\source\repos\finalmathlib\mathlibary\vec3.cpp(75): error C2228: left of '.y' must have class/struct/union
  c:\users\s189066\source\repos\finalmathlib\mathlibary\vec3.cpp(75): note: type is 'int'
c:\users\s189066\source\repos\finalmathlib\mathlibary\vec3.cpp(75): error C2228: left of '.z' must have class/struct/union
  c:\users\s189066\source\repos\finalmathlib\mathlibary\vec3.cpp(75): note: type is 'int'
c:\users\s189066\source\repos\finalmathlib\mathlibary\vec3.cpp(81): error C2027: use of undefined type 'vec3'
  c:\users\s189066\source\repos\finalmathlib\mathlibary\vec3.h(5): note: see declaration of 'vec3'
c:\users\s189066\source\repos\finalmathlib\mathlibary\vec3.cpp(82): error C2270: '-': modifiers not allowed on nonmember functions
c:\users\s189066\source\repos\finalmathlib\mathlibary\vec3.cpp(82): error C2027: use of undefined type 'vec3'
  c:\users\s189066\source\repos\finalmathlib\mathlibary\vec3.h(5): note: see declaration of 'vec3'
c:\users\s189066\source\repos\finalmathlib\mathlibary\vec3.cpp(83): error C2079: 'neg3' uses undefined class 'vec3'
c:\users\s189066\source\repos\finalmathlib\mathlibary\vec3.cpp(84): error C2228: left of '.x' must have class/struct/union
  c:\users\s189066\source\repos\finalmathlib\mathlibary\vec3.cpp(84): note: type is 'int'
c:\users\s189066\source\repos\finalmathlib\mathlibary\vec3.cpp(84): error C2065: 'x': undeclared identifier
c:\users\s189066\source\repos\finalmathlib\mathlibary\vec3.cpp(85): error C2228: left of '.y' must have class/struct/union
  c:\users\s189066\source\repos\finalmathlib\mathlibary\vec3.cpp(85): note: type is 'int'
c:\users\s189066\source\repos\finalmathlib\mathlibary\vec3.cpp(85): error C2065: 'y': undeclared identifier
c:\users\s189066\source\repos\finalmathlib\mathlibary\vec3.cpp(86): error C2228: left of '.z' must have class/struct/union
  c:\users\s189066\source\repos\finalmathlib\mathlibary\vec3.cpp(86): note: type is 'int'
c:\users\s189066\source\repos\finalmathlib\mathlibary\vec3.cpp(86): error C2065: 'z': undeclared identifier
c:\users\s189066\source\repos\finalmathlib\mathlibary\vec3.cpp(86): fatal error C1003: error count exceeds 100; stopping compilation
  vec4.cpp
c:\users\s189066\source\repos\finalmathlib\mathlibary\vec4.h(43): error C2059: syntax error: '=='
c:\users\s189066\source\repos\finalmathlib\mathlibary\vec4.h(48): error C2011: 'vec4': 'class' type redefinition
  c:\users\s189066\source\repos\finalmathlib\mathlibary\vec4.h(6): note: see declaration of 'vec4'
c:\users\s189066\source\repos\finalmathlib\mathlibary\vec4.h(85): error C2059: syntax error: '>>'
c:\users\s189066\source\repos\finalmathlib\mathlibary\vec4.cpp(3): error C2027: use of undefined type 'vec4'
  c:\users\s189066\source\repos\finalmathlib\mathlibary\vec4.h(6): note: see declaration of 'vec4'
c:\users\s189066\source\repos\finalmathlib\mathlibary\vec4.cpp(4): error C4430: missing type specifier - int assumed. Note: C++ does not support default-int
c:\users\s189066\source\repos\finalmathlib\mathlibary\vec4.cpp(5): warning C4508: '{ctor}': function should return a value; 'void' return type assumed
c:\users\s189066\source\repos\finalmathlib\mathlibary\vec4.cpp(7): error C2027: use of undefined type 'vec4'
  c:\users\s189066\source\repos\finalmathlib\mathlibary\vec4.h(6): note: see declaration of 'vec4'
c:\users\s189066\source\repos\finalmathlib\mathlibary\vec4.cpp(8): error C4430: missing type specifier - int assumed. Note: C++ does not support default-int
c:\users\s189066\source\repos\finalmathlib\mathlibary\vec4.cpp(9): error C2355: 'this': can only be referenced inside non-static member functions or non-static data member initializers
c:\users\s189066\source\repos\finalmathlib\mathlibary\vec4.cpp(9): error C2227: left of '->x' must point to class/struct/union/generic type
c:\users\s189066\source\repos\finalmathlib\mathlibary\vec4.cpp(10): error C2355: 'this': can only be referenced inside non-static member functions or non-static data member initializers
c:\users\s189066\source\repos\finalmathlib\mathlibary\vec4.cpp(10): error C2227: left of '->y' must point to class/struct/union/generic type
c:\users\s189066\source\repos\finalmathlib\mathlibary\vec4.cpp(11): error C2355: 'this': can only be referenced inside non-static member functions or non-static data member initializers
c:\users\s189066\source\repos\finalmathlib\mathlibary\vec4.cpp(11): error C2227: left of '->z' must point to class/struct/union/generic type
c:\users\s189066\source\repos\finalmathlib\mathlibary\vec4.cpp(12): error C2355: 'this': can only be referenced inside non-static member functions or non-static data member initializers
c:\users\s189066\source\repos\finalmathlib\mathlibary\vec4.cpp(12): error C2227: left of '->w' must point to class/struct/union/generic type
c:\users\s189066\source\repos\finalmathlib\mathlibary\vec4.cpp(13): warning C4508: '{ctor}': function should return a value; 'void' return type assumed
c:\users\s189066\source\repos\finalmathlib\mathlibary\vec4.cpp(15): error C2027: use of undefined type 'vec4'
  c:\users\s189066\source\repos\finalmathlib\mathlibary\vec4.h(6): note: see declaration of 'vec4'
c:\users\s189066\source\repos\finalmathlib\mathlibary\vec4.cpp(16): error C2270: '+': modifiers not allowed on nonmember functions
c:\users\s189066\source\repos\finalmathlib\mathlibary\vec4.cpp(16): error C2027: use of undefined type 'vec4'
  c:\users\s189066\source\repos\finalmathlib\mathlibary\vec4.h(6): note: see declaration of 'vec4'
c:\users\s189066\source\repos\finalmathlib\mathlibary\vec4.cpp(17): error C2065: 'x': undeclared identifier
c:\users\s189066\source\repos\finalmathlib\mathlibary\vec4.cpp(17): error C2027: use of undefined type 'vec4'
  c:\users\s189066\source\repos\finalmathlib\mathlibary\vec4.h(6): note: see declaration of 'vec4'
c:\users\s189066\source\repos\finalmathlib\mathlibary\vec4.cpp(17): error C2228: left of '.x' must have class/struct/union
c:\users\s189066\source\repos\finalmathlib\mathlibary\vec4.cpp(17): error C2065: 'y': undeclared identifier
c:\users\s189066\source\repos\finalmathlib\mathlibary\vec4.cpp(17): error C2228: left of '.y' must have class/struct/union
c:\users\s189066\source\repos\finalmathlib\mathlibary\vec4.cpp(17): error C2065: 'z': undeclared identifier
c:\users\s189066\source\repos\finalmathlib\mathlibary\vec4.cpp(17): error C2228: left of '.z' must have class/struct/union
c:\users\s189066\source\repos\finalmathlib\mathlibary\vec4.cpp(17): error C2065: 'w': undeclared identifier
c:\users\s189066\source\repos\finalmathlib\mathlibary\vec4.cpp(17): error C2228: left of '.w' must have class/struct/union
c:\users\s189066\source\repos\finalmathlib\mathlibary\vec4.cpp(20): error C2027: use of undefined type 'vec4'
  c:\users\s189066\source\repos\finalmathlib\mathlibary\vec4.h(6): note: see declaration of 'vec4'
c:\users\s189066\source\repos\finalmathlib\mathlibary\vec4.cpp(21): error C2270: '-': modifiers not allowed on nonmember functions
c:\users\s189066\source\repos\finalmathlib\mathlibary\vec4.cpp(21): error C2027: use of undefined type 'vec4'
  c:\users\s189066\source\repos\finalmathlib\mathlibary\vec4.h(6): note: see declaration of 'vec4'
c:\users\s189066\source\repos\finalmathlib\mathlibary\vec4.cpp(22): error C2065: 'x': undeclared identifier
c:\users\s189066\source\repos\finalmathlib\mathlibary\vec4.cpp(22): error C2027: use of undefined type 'vec4'
  c:\users\s189066\source\repos\finalmathlib\mathlibary\vec4.h(6): note: see declaration of 'vec4'
c:\users\s189066\source\repos\finalmathlib\mathlibary\vec4.cpp(22): error C2228: left of '.x' must have class/struct/union
c:\users\s189066\source\repos\finalmathlib\mathlibary\vec4.cpp(22): error C2065: 'y': undeclared identifier
c:\users\s189066\source\repos\finalmathlib\mathlibary\vec4.cpp(22): error C2228: left of '.y' must have class/struct/union
c:\users\s189066\source\repos\finalmathlib\mathlibary\vec4.cpp(22): error C2065: 'z': undeclared identifier
c:\users\s189066\source\repos\finalmathlib\mathlibary\vec4.cpp(22): error C2228: left of '.z' must have class/struct/union
c:\users\s189066\source\repos\finalmathlib\mathlibary\vec4.cpp(22): error C2065: 'w': undeclared identifier
c:\users\s189066\source\repos\finalmathlib\mathlibary\vec4.cpp(22): error C2228: left of '.w' must have class/struct/union
c:\users\s189066\source\repos\finalmathlib\mathlibary\vec4.cpp(26): error C2027: use of undefined type 'vec4'
  c:\users\s189066\source\repos\finalmathlib\mathlibary\vec4.h(6): note: see declaration of 'vec4'
c:\users\s189066\source\repos\finalmathlib\mathlibary\vec4.cpp(28): error C2079: 'v4' uses undefined class 'vec4'
c:\users\s189066\source\repos\finalmathlib\mathlibary\vec4.cpp(29): error C2228: left of '.x' must have class/struct/union
  c:\users\s189066\source\repos\finalmathlib\mathlibary\vec4.cpp(29): note: type is 'int'
c:\users\s189066\source\repos\finalmathlib\mathlibary\vec4.cpp(29): error C2065: 'x': undeclared identifier
c:\users\s189066\source\repos\finalmathlib\mathlibary\vec4.cpp(29): error C2027: use of undefined type 'vec4'
  c:\users\s189066\source\repos\finalmathlib\mathlibary\vec4.h(6): note: see declaration of 'vec4'
c:\users\s189066\source\repos\finalmathlib\mathlibary\vec4.cpp(30): error C2228: left of '.y' must have class/struct/union
  c:\users\s189066\source\repos\finalmathlib\mathlibary\vec4.cpp(30): note: type is 'int'
c:\users\s189066\source\repos\finalmathlib\mathlibary\vec4.cpp(30): error C2065: 'y': undeclared identifier
c:\users\s189066\source\repos\finalmathlib\mathlibary\vec4.cpp(30): error C2027: use of undefined type 'vec4'
  c:\users\s189066\source\repos\finalmathlib\mathlibary\vec4.h(6): note: see declaration of 'vec4'
c:\users\s189066\source\repos\finalmathlib\mathlibary\vec4.cpp(31): error C2228: left of '.z' must have class/struct/union
  c:\users\s189066\source\repos\finalmathlib\mathlibary\vec4.cpp(31): note: type is 'int'
c:\users\s189066\source\repos\finalmathlib\mathlibary\vec4.cpp(31): error C2065: 'z': undeclared identifier
c:\users\s189066\source\repos\finalmathlib\mathlibary\vec4.cpp(31): error C2027: use of undefined type 'vec4'
  c:\users\s189066\source\repos\finalmathlib\mathlibary\vec4.h(6): note: see declaration of 'vec4'
c:\users\s189066\source\repos\finalmathlib\mathlibary\vec4.cpp(33): error C2440: 'return': cannot convert from 'int' to 'vec4 &'
c:\users\s189066\source\repos\finalmathlib\mathlibary\vec4.cpp(36): error C2027: use of undefined type 'vec4'
  c:\users\s189066\source\repos\finalmathlib\mathlibary\vec4.h(6): note: see declaration of 'vec4'
c:\users\s189066\source\repos\finalmathlib\mathlibary\vec4.cpp(38): error C2079: 'v4' uses undefined class 'vec4'
c:\users\s189066\source\repos\finalmathlib\mathlibary\vec4.cpp(39): error C2228: left of '.x' must have class/struct/union
  c:\users\s189066\source\repos\finalmathlib\mathlibary\vec4.cpp(39): note: type is 'int'
c:\users\s189066\source\repos\finalmathlib\mathlibary\vec4.cpp(39): error C2065: 'x': undeclared identifier
c:\users\s189066\source\repos\finalmathlib\mathlibary\vec4.cpp(39): error C2027: use of undefined type 'vec4'
  c:\users\s189066\source\repos\finalmathlib\mathlibary\vec4.h(6): note: see declaration of 'vec4'
c:\users\s189066\source\repos\finalmathlib\mathlibary\vec4.cpp(40): error C2228: left of '.y' must have class/struct/union
  c:\users\s189066\source\repos\finalmathlib\mathlibary\vec4.cpp(40): note: type is 'int'
c:\users\s189066\source\repos\finalmathlib\mathlibary\vec4.cpp(40): error C2065: 'y': undeclared identifier
c:\users\s189066\source\repos\finalmathlib\mathlibary\vec4.cpp(40): error C2027: use of undefined type 'vec4'
  c:\users\s189066\source\repos\finalmathlib\mathlibary\vec4.h(6): note: see declaration of 'vec4'
c:\users\s189066\source\repos\finalmathlib\mathlibary\vec4.cpp(41): error C2228: left of '.z' must have class/struct/union
  c:\users\s189066\source\repos\finalmathlib\mathlibary\vec4.cpp(41): note: type is 'int'
c:\users\s189066\source\repos\finalmathlib\mathlibary\vec4.cpp(41): error C2065: 'z': undeclared identifier
c:\users\s189066\source\repos\finalmathlib\mathlibary\vec4.cpp(41): error C2027: use of undefined type 'vec4'
  c:\users\s189066\source\repos\finalmathlib\mathlibary\vec4.h(6): note: see declaration of 'vec4'
c:\users\s189066\source\repos\finalmathlib\mathlibary\vec4.cpp(43): error C2440: 'return': cannot convert from 'int' to 'vec4 &'
c:\users\s189066\source\repos\finalmathlib\mathlibary\vec4.cpp(46): error C2027: use of undefined type 'vec4'
  c:\users\s189066\source\repos\finalmathlib\mathlibary\vec4.h(6): note: see declaration of 'vec4'
c:\users\s189066\source\repos\finalmathlib\mathlibary\vec4.cpp(47): error C2270: '==': modifiers not allowed on nonmember functions
c:\users\s189066\source\repos\finalmathlib\mathlibary\vec4.cpp(48): error C2065: 'x': undeclared identifier
c:\users\s189066\source\repos\finalmathlib\mathlibary\vec4.cpp(48): error C2027: use of undefined type 'vec4'
  c:\users\s189066\source\repos\finalmathlib\mathlibary\vec4.h(6): note: see declaration of 'vec4'
c:\users\s189066\source\repos\finalmathlib\mathlibary\vec4.cpp(48): error C2228: left of '.x' must have class/struct/union
c:\users\s189066\source\repos\finalmathlib\mathlibary\vec4.cpp(49): error C2065: 'y': undeclared identifier
c:\users\s189066\source\repos\finalmathlib\mathlibary\vec4.cpp(49): error C2027: use of undefined type 'vec4'
  c:\users\s189066\source\repos\finalmathlib\mathlibary\vec4.h(6): note: see declaration of 'vec4'
c:\users\s189066\source\repos\finalmathlib\mathlibary\vec4.cpp(49): error C2228: left of '.y' must have class/struct/union
c:\users\s189066\source\repos\finalmathlib\mathlibary\vec4.cpp(50): error C2065: 'z': undeclared identifier
c:\users\s189066\source\repos\finalmathlib\mathlibary\vec4.cpp(50): error C2027: use of undefined type 'vec4'
  c:\users\s189066\source\repos\finalmathlib\mathlibary\vec4.h(6): note: see declaration of 'vec4'
c:\users\s189066\source\repos\finalmathlib\mathlibary\vec4.cpp(50): error C2228: left of '.z' must have class/struct/union
c:\users\s189066\source\repos\finalmathlib\mathlibary\vec4.cpp(51): error C2065: 'w': undeclared identifier
c:\users\s189066\source\repos\finalmathlib\mathlibary\vec4.cpp(51): error C2027: use of undefined type 'vec4'
  c:\users\s189066\source\repos\finalmathlib\mathlibary\vec4.h(6): note: see declaration of 'vec4'
c:\users\s189066\source\repos\finalmathlib\mathlibary\vec4.cpp(51): error C2228: left of '.w' must have class/struct/union
c:\users\s189066\source\repos\finalmathlib\mathlibary\vec4.cpp(57): error C2027: use of undefined type 'vec4'
  c:\users\s189066\source\repos\finalmathlib\mathlibary\vec4.h(6): note: see declaration of 'vec4'
c:\users\s189066\source\repos\finalmathlib\mathlibary\vec4.cpp(58): error C2270: '!=': modifiers not allowed on nonmember functions
c:\users\s189066\source\repos\finalmathlib\mathlibary\vec4.cpp(59): error C2065: 'x': undeclared identifier
c:\users\s189066\source\repos\finalmathlib\mathlibary\vec4.cpp(59): error C2027: use of undefined type 'vec4'
  c:\users\s189066\source\repos\finalmathlib\mathlibary\vec4.h(6): note: see declaration of 'vec4'
c:\users\s189066\source\repos\finalmathlib\mathlibary\vec4.cpp(59): error C2228: left of '.x' must have class/struct/union
c:\users\s189066\source\repos\finalmathlib\mathlibary\vec4.cpp(60): error C2065: 'y': undeclared identifier
c:\users\s189066\source\repos\finalmathlib\mathlibary\vec4.cpp(60): error C2027: use of undefined type 'vec4'
  c:\users\s189066\source\repos\finalmathlib\mathlibary\vec4.h(6): note: see declaration of 'vec4'
c:\users\s189066\source\repos\finalmathlib\mathlibary\vec4.cpp(60): error C2228: left of '.y' must have class/struct/union
c:\users\s189066\source\repos\finalmathlib\mathlibary\vec4.cpp(61): error C2065: 'z': undeclared identifier
c:\users\s189066\source\repos\finalmathlib\mathlibary\vec4.cpp(61): error C2027: use of undefined type 'vec4'
  c:\users\s189066\source\repos\finalmathlib\mathlibary\vec4.h(6): note: see declaration of 'vec4'
c:\users\s189066\source\repos\finalmathlib\mathlibary\vec4.cpp(61): error C2228: left of '.z' must have class/struct/union
c:\users\s189066\source\repos\finalmathlib\mathlibary\vec4.cpp(62): error C2065: 'w': undeclared identifier
c:\users\s189066\source\repos\finalmathlib\mathlibary\vec4.cpp(62): error C2027: use of undefined type 'vec4'
  c:\users\s189066\source\repos\finalmathlib\mathlibary\vec4.h(6): note: see declaration of 'vec4'
c:\users\s189066\source\repos\finalmathlib\mathlibary\vec4.cpp(62): error C2228: left of '.w' must have class/struct/union
c:\users\s189066\source\repos\finalmathlib\mathlibary\vec4.cpp(68): error C2027: use of undefined type 'vec4'
  c:\users\s189066\source\repos\finalmathlib\mathlibary\vec4.h(6): note: see declaration of 'vec4'
c:\users\s189066\source\repos\finalmathlib\mathlibary\vec4.cpp(69): error C2270: '-': modifiers not allowed on nonmember functions
c:\users\s189066\source\repos\finalmathlib\mathlibary\vec4.cpp(69): error C2027: use of undefined type 'vec4'
  c:\users\s189066\source\repos\finalmathlib\mathlibary\vec4.h(6): note: see declaration of 'vec4'
c:\users\s189066\source\repos\finalmathlib\mathlibary\vec4.cpp(70): error C2079: 'neg4' uses undefined class 'vec4'
c:\users\s189066\source\repos\finalmathlib\mathlibary\vec4.cpp(71): error C2228: left of '.x' must have class/struct/union
  c:\users\s189066\source\repos\finalmathlib\mathlibary\vec4.cpp(71): note: type is 'int'
c:\users\s189066\source\repos\finalmathlib\mathlibary\vec4.cpp(71): error C2065: 'x': undeclared identifier
c:\users\s189066\source\repos\finalmathlib\mathlibary\vec4.cpp(72): error C2228: left of '.y' must have class/struct/union
  c:\users\s189066\source\repos\finalmathlib\mathlibary\vec4.cpp(72): note: type is 'int'
c:\users\s189066\source\repos\finalmathlib\mathlibary\vec4.cpp(72): error C2065: 'y': undeclared identifier
c:\users\s189066\source\repos\finalmathlib\mathlibary\vec4.cpp(73): error C2228: left of '.z' must have class/struct/union
  c:\users\s189066\source\repos\finalmathlib\mathlibary\vec4.cpp(73): note: type is 'int'
c:\users\s189066\source\repos\finalmathlib\mathlibary\vec4.cpp(73): error C2065: 'z': undeclared identifier
c:\users\s189066\source\repos\finalmathlib\mathlibary\vec4.cpp(74): error C2228: left of '.w' must have class/struct/union
  c:\users\s189066\source\repos\finalmathlib\mathlibary\vec4.cpp(74): note: type is 'int'
c:\users\s189066\source\repos\finalmathlib\mathlibary\vec4.cpp(74): error C2065: 'w': undeclared identifier
c:\users\s189066\source\repos\finalmathlib\mathlibary\vec4.cpp(74): fatal error C1003: error count exceeds 100; stopping compilation
  Generating Code...
